{"C:\\Code\\nodejs\\wordefine\\app.js": {"path":"C:\\Code\\nodejs\\wordefine\\app.js","statementMap":{"0":{"start":{"line":1,"column":15},"end":{"line":1,"column":32}},"1":{"start":{"line":2,"column":16},"end":{"line":2,"column":34}},"2":{"start":{"line":3,"column":16},"end":{"line":3,"column":34}},"3":{"start":{"line":4,"column":12},"end":{"line":4,"column":21}},"4":{"start":{"line":7,"column":0},"end":{"line":7,"column":31}},"5":{"start":{"line":8,"column":0},"end":{"line":8,"column":26}},"6":{"start":{"line":9,"column":0},"end":{"line":9,"column":33}},"7":{"start":{"line":12,"column":13},"end":{"line":12,"column":58}},"8":{"start":{"line":13,"column":15},"end":{"line":15,"column":2}},"9":{"start":{"line":14,"column":4},"end":{"line":14,"column":75}},"10":{"start":{"line":16,"column":0},"end":{"line":16,"column":24}}},"fnMap":{"0":{"name":"(anonymous_0)","decl":{"start":{"line":13,"column":32},"end":{"line":13,"column":33}},"loc":{"start":{"line":13,"column":36},"end":{"line":15,"column":1}},"line":13}},"branchMap":{"0":{"loc":{"start":{"line":12,"column":13},"end":{"line":12,"column":58}},"type":"binary-expr","locations":[{"start":{"line":12,"column":13},"end":{"line":12,"column":29}},{"start":{"line":12,"column":33},"end":{"line":12,"column":58}}],"line":12}},"s":{"0":5,"1":5,"2":5,"3":5,"4":5,"5":5,"6":5,"7":5,"8":5,"9":5,"10":5},"f":{"0":5},"b":{"0":[5,5]},"_coverageSchema":"43e27e138ebf9cfc5966b082cf9a028302ed4184","hash":"1fb6981fcb1002a834b5a73ab4adf95d0d67ba63"}
,"C:\\Code\\nodejs\\wordefine\\middlewares\\accessToSeenWord.js": {"path":"C:\\Code\\nodejs\\wordefine\\middlewares\\accessToSeenWord.js","statementMap":{"0":{"start":{"line":1,"column":12},"end":{"line":1,"column":35}},"1":{"start":{"line":2,"column":15},"end":{"line":2,"column":32}},"2":{"start":{"line":3,"column":19},"end":{"line":3,"column":48}},"3":{"start":{"line":4,"column":38},"end":{"line":4,"column":72}},"4":{"start":{"line":6,"column":34},"end":{"line":6,"column":61}},"5":{"start":{"line":9,"column":0},"end":{"line":36,"column":1}},"6":{"start":{"line":11,"column":18},"end":{"line":11,"column":49}},"7":{"start":{"line":12,"column":4},"end":{"line":12,"column":101}},"8":{"start":{"line":12,"column":15},"end":{"line":12,"column":101}},"9":{"start":{"line":14,"column":4},"end":{"line":34,"column":5}},"10":{"start":{"line":15,"column":24},"end":{"line":15,"column":85}},"11":{"start":{"line":16,"column":8},"end":{"line":16,"column":40}},"12":{"start":{"line":19,"column":8},"end":{"line":19,"column":75}},"13":{"start":{"line":19,"column":43},"end":{"line":19,"column":75}},"14":{"start":{"line":22,"column":25},"end":{"line":22,"column":62}},"15":{"start":{"line":23,"column":8},"end":{"line":23,"column":95}},"16":{"start":{"line":23,"column":22},"end":{"line":23,"column":95}},"17":{"start":{"line":24,"column":8},"end":{"line":25,"column":103}},"18":{"start":{"line":25,"column":71},"end":{"line":25,"column":103}},"19":{"start":{"line":28,"column":8},"end":{"line":29,"column":76}},"20":{"start":{"line":29,"column":44},"end":{"line":29,"column":76}},"21":{"start":{"line":30,"column":8},"end":{"line":30,"column":15}},"22":{"start":{"line":33,"column":8},"end":{"line":33,"column":74}}},"fnMap":{"0":{"name":"(anonymous_0)","decl":{"start":{"line":9,"column":17},"end":{"line":9,"column":18}},"loc":{"start":{"line":9,"column":47},"end":{"line":36,"column":1}},"line":9}},"branchMap":{"0":{"loc":{"start":{"line":12,"column":4},"end":{"line":12,"column":101}},"type":"if","locations":[{"start":{"line":12,"column":4},"end":{"line":12,"column":101}},{"start":{"line":12,"column":4},"end":{"line":12,"column":101}}],"line":12},"1":{"loc":{"start":{"line":19,"column":8},"end":{"line":19,"column":75}},"type":"if","locations":[{"start":{"line":19,"column":8},"end":{"line":19,"column":75}},{"start":{"line":19,"column":8},"end":{"line":19,"column":75}}],"line":19},"2":{"loc":{"start":{"line":23,"column":8},"end":{"line":23,"column":95}},"type":"if","locations":[{"start":{"line":23,"column":8},"end":{"line":23,"column":95}},{"start":{"line":23,"column":8},"end":{"line":23,"column":95}}],"line":23},"3":{"loc":{"start":{"line":24,"column":8},"end":{"line":25,"column":103}},"type":"if","locations":[{"start":{"line":24,"column":8},"end":{"line":25,"column":103}},{"start":{"line":24,"column":8},"end":{"line":25,"column":103}}],"line":24},"4":{"loc":{"start":{"line":24,"column":11},"end":{"line":25,"column":69}},"type":"binary-expr","locations":[{"start":{"line":24,"column":11},"end":{"line":24,"column":49}},{"start":{"line":25,"column":12},"end":{"line":25,"column":69}}],"line":24},"5":{"loc":{"start":{"line":28,"column":8},"end":{"line":29,"column":76}},"type":"if","locations":[{"start":{"line":28,"column":8},"end":{"line":29,"column":76}},{"start":{"line":28,"column":8},"end":{"line":29,"column":76}}],"line":28},"6":{"loc":{"start":{"line":28,"column":11},"end":{"line":29,"column":42}},"type":"binary-expr","locations":[{"start":{"line":28,"column":11},"end":{"line":28,"column":38}},{"start":{"line":29,"column":12},"end":{"line":29,"column":42}}],"line":28}},"s":{"0":5,"1":5,"2":5,"3":5,"4":5,"5":5,"6":7,"7":7,"8":0,"9":7,"10":7,"11":7,"12":7,"13":1,"14":6,"15":6,"16":2,"17":4,"18":0,"19":4,"20":0,"21":4,"22":1},"f":{"0":7},"b":{"0":[0,7],"1":[1,6],"2":[2,4],"3":[0,4],"4":[4,0],"5":[0,4],"6":[4,0]},"_coverageSchema":"43e27e138ebf9cfc5966b082cf9a028302ed4184","hash":"7bf3cbeb5b960b4b51fb8abbfb21a5a584798f9b"}
,"C:\\Code\\nodejs\\wordefine\\middlewares\\auth.js": {"path":"C:\\Code\\nodejs\\wordefine\\middlewares\\auth.js","statementMap":{"0":{"start":{"line":1,"column":12},"end":{"line":1,"column":35}},"1":{"start":{"line":2,"column":15},"end":{"line":2,"column":32}},"2":{"start":{"line":4,"column":0},"end":{"line":18,"column":1}},"3":{"start":{"line":6,"column":18},"end":{"line":6,"column":44}},"4":{"start":{"line":7,"column":4},"end":{"line":7,"column":91}},"5":{"start":{"line":7,"column":15},"end":{"line":7,"column":91}},"6":{"start":{"line":9,"column":4},"end":{"line":16,"column":5}},"7":{"start":{"line":10,"column":24},"end":{"line":10,"column":80}},"8":{"start":{"line":11,"column":8},"end":{"line":11,"column":27}},"9":{"start":{"line":12,"column":8},"end":{"line":12,"column":15}},"10":{"start":{"line":15,"column":8},"end":{"line":15,"column":57}}},"fnMap":{"0":{"name":"(anonymous_0)","decl":{"start":{"line":4,"column":17},"end":{"line":4,"column":18}},"loc":{"start":{"line":4,"column":41},"end":{"line":18,"column":1}},"line":4}},"branchMap":{"0":{"loc":{"start":{"line":7,"column":4},"end":{"line":7,"column":91}},"type":"if","locations":[{"start":{"line":7,"column":4},"end":{"line":7,"column":91}},{"start":{"line":7,"column":4},"end":{"line":7,"column":91}}],"line":7}},"s":{"0":6,"1":6,"2":6,"3":45,"4":45,"5":0,"6":45,"7":45,"8":45,"9":45,"10":0},"f":{"0":45},"b":{"0":[0,45]},"_coverageSchema":"43e27e138ebf9cfc5966b082cf9a028302ed4184","hash":"976ebb2f477cac8975dcbe460ed9ae9f600d01e7"}
,"C:\\Code\\nodejs\\wordefine\\middlewares\\error.js": {"path":"C:\\Code\\nodejs\\wordefine\\middlewares\\error.js","statementMap":{"0":{"start":{"line":1,"column":16},"end":{"line":1,"column":34}},"1":{"start":{"line":3,"column":0},"end":{"line":15,"column":1}},"2":{"start":{"line":4,"column":2},"end":{"line":4,"column":34}},"3":{"start":{"line":13,"column":2},"end":{"line":13,"column":55}},"4":{"start":{"line":14,"column":2},"end":{"line":14,"column":12}}},"fnMap":{"0":{"name":"(anonymous_0)","decl":{"start":{"line":3,"column":17},"end":{"line":3,"column":18}},"loc":{"start":{"line":3,"column":46},"end":{"line":15,"column":1}},"line":3}},"branchMap":{},"s":{"0":5,"1":5,"2":0,"3":0,"4":0},"f":{"0":0},"b":{},"_coverageSchema":"43e27e138ebf9cfc5966b082cf9a028302ed4184","hash":"46f0872b3b23be5b4c516c02044f838926def134"}
,"C:\\Code\\nodejs\\wordefine\\middlewares\\validateObjectId.js": {"path":"C:\\Code\\nodejs\\wordefine\\middlewares\\validateObjectId.js","statementMap":{"0":{"start":{"line":1,"column":17},"end":{"line":1,"column":36}},"1":{"start":{"line":3,"column":0},"end":{"line":9,"column":1}},"2":{"start":{"line":5,"column":4},"end":{"line":6,"column":61}},"3":{"start":{"line":6,"column":8},"end":{"line":6,"column":61}},"4":{"start":{"line":8,"column":4},"end":{"line":8,"column":11}}},"fnMap":{"0":{"name":"(anonymous_0)","decl":{"start":{"line":3,"column":17},"end":{"line":3,"column":18}},"loc":{"start":{"line":3,"column":41},"end":{"line":9,"column":1}},"line":3}},"branchMap":{"0":{"loc":{"start":{"line":5,"column":4},"end":{"line":6,"column":61}},"type":"if","locations":[{"start":{"line":5,"column":4},"end":{"line":6,"column":61}},{"start":{"line":5,"column":4},"end":{"line":6,"column":61}}],"line":5}},"s":{"0":5,"1":5,"2":16,"3":0,"4":16},"f":{"0":16},"b":{"0":[0,16]},"_coverageSchema":"43e27e138ebf9cfc5966b082cf9a028302ed4184","hash":"af32e8b40be2292e5d9de1d77077ac687e81b37c"}
,"C:\\Code\\nodejs\\wordefine\\models\\favoriteWordList.js": {"path":"C:\\Code\\nodejs\\wordefine\\models\\favoriteWordList.js","statementMap":{"0":{"start":{"line":1,"column":17},"end":{"line":1,"column":36}},"1":{"start":{"line":2,"column":12},"end":{"line":2,"column":26}},"2":{"start":{"line":3,"column":0},"end":{"line":3,"column":43}},"3":{"start":{"line":5,"column":31},"end":{"line":20,"column":2}},"4":{"start":{"line":22,"column":25},"end":{"line":22,"column":83}},"5":{"start":{"line":26,"column":19},"end":{"line":28,"column":5}},"6":{"start":{"line":29,"column":4},"end":{"line":29,"column":50}},"7":{"start":{"line":32,"column":0},"end":{"line":32,"column":51}},"8":{"start":{"line":33,"column":0},"end":{"line":33,"column":51}}},"fnMap":{"0":{"name":"validateFavoriteWordList","decl":{"start":{"line":25,"column":9},"end":{"line":25,"column":33}},"loc":{"start":{"line":25,"column":51},"end":{"line":30,"column":1}},"line":25}},"branchMap":{},"s":{"0":6,"1":6,"2":6,"3":6,"4":6,"5":6,"6":6,"7":6,"8":6},"f":{"0":6},"b":{},"_coverageSchema":"43e27e138ebf9cfc5966b082cf9a028302ed4184","hash":"babcc6289cc68afd3f9f4b804163a88a02e02259"}
,"C:\\Code\\nodejs\\wordefine\\models\\user.js": {"path":"C:\\Code\\nodejs\\wordefine\\models\\user.js","statementMap":{"0":{"start":{"line":1,"column":17},"end":{"line":1,"column":36}},"1":{"start":{"line":2,"column":12},"end":{"line":2,"column":35}},"2":{"start":{"line":3,"column":15},"end":{"line":3,"column":32}},"3":{"start":{"line":4,"column":15},"end":{"line":4,"column":32}},"4":{"start":{"line":5,"column":12},"end":{"line":5,"column":26}},"5":{"start":{"line":8,"column":19},"end":{"line":35,"column":2}},"6":{"start":{"line":37,"column":0},"end":{"line":47,"column":1}},"7":{"start":{"line":38,"column":18},"end":{"line":45,"column":5}},"8":{"start":{"line":46,"column":4},"end":{"line":46,"column":17}},"9":{"start":{"line":49,"column":0},"end":{"line":52,"column":1}},"10":{"start":{"line":50,"column":17},"end":{"line":50,"column":41}},"11":{"start":{"line":51,"column":4},"end":{"line":51,"column":59}},"12":{"start":{"line":54,"column":0},"end":{"line":56,"column":1}},"13":{"start":{"line":55,"column":4},"end":{"line":55,"column":57}},"14":{"start":{"line":58,"column":13},"end":{"line":58,"column":47}},"15":{"start":{"line":61,"column":19},"end":{"line":65,"column":5}},"16":{"start":{"line":66,"column":4},"end":{"line":66,"column":38}},"17":{"start":{"line":69,"column":0},"end":{"line":69,"column":27}},"18":{"start":{"line":70,"column":0},"end":{"line":70,"column":39}}},"fnMap":{"0":{"name":"(anonymous_0)","decl":{"start":{"line":37,"column":39},"end":{"line":37,"column":40}},"loc":{"start":{"line":37,"column":49},"end":{"line":47,"column":1}},"line":37},"1":{"name":"(anonymous_1)","decl":{"start":{"line":49,"column":35},"end":{"line":49,"column":36}},"loc":{"start":{"line":49,"column":51},"end":{"line":52,"column":1}},"line":49},"2":{"name":"(anonymous_2)","decl":{"start":{"line":54,"column":35},"end":{"line":54,"column":36}},"loc":{"start":{"line":54,"column":59},"end":{"line":56,"column":1}},"line":54},"3":{"name":"validateUser","decl":{"start":{"line":60,"column":9},"end":{"line":60,"column":21}},"loc":{"start":{"line":60,"column":27},"end":{"line":67,"column":1}},"line":60}},"branchMap":{},"s":{"0":7,"1":7,"2":7,"3":7,"4":7,"5":7,"6":7,"7":13,"8":13,"9":7,"10":2,"11":2,"12":7,"13":2,"14":7,"15":9,"16":9,"17":7,"18":7},"f":{"0":13,"1":2,"2":2,"3":9},"b":{},"_coverageSchema":"43e27e138ebf9cfc5966b082cf9a028302ed4184","hash":"d4410161e79a80aeb663a1c501bb08c62e05bc59"}
,"C:\\Code\\nodejs\\wordefine\\models\\word.js": {"path":"C:\\Code\\nodejs\\wordefine\\models\\word.js","statementMap":{"0":{"start":{"line":1,"column":17},"end":{"line":1,"column":36}},"1":{"start":{"line":2,"column":12},"end":{"line":2,"column":26}},"2":{"start":{"line":3,"column":0},"end":{"line":3,"column":44}},"3":{"start":{"line":5,"column":18},"end":{"line":13,"column":1}},"4":{"start":{"line":15,"column":19},"end":{"line":51,"column":2}},"5":{"start":{"line":53,"column":13},"end":{"line":53,"column":47}},"6":{"start":{"line":56,"column":19},"end":{"line":63,"column":5}},"7":{"start":{"line":64,"column":4},"end":{"line":64,"column":38}},"8":{"start":{"line":67,"column":0},"end":{"line":67,"column":27}},"9":{"start":{"line":68,"column":0},"end":{"line":68,"column":40}},"10":{"start":{"line":69,"column":0},"end":{"line":69,"column":39}}},"fnMap":{"0":{"name":"validateWord","decl":{"start":{"line":55,"column":9},"end":{"line":55,"column":21}},"loc":{"start":{"line":55,"column":27},"end":{"line":65,"column":1}},"line":55}},"branchMap":{},"s":{"0":6,"1":6,"2":6,"3":6,"4":6,"5":6,"6":13,"7":13,"8":6,"9":6,"10":6},"f":{"0":13},"b":{},"_coverageSchema":"43e27e138ebf9cfc5966b082cf9a028302ed4184","hash":"77598514ea152368bc5556bb899b8e010f347a29"}
,"C:\\Code\\nodejs\\wordefine\\models\\wordList.js": {"path":"C:\\Code\\nodejs\\wordefine\\models\\wordList.js","statementMap":{"0":{"start":{"line":1,"column":17},"end":{"line":1,"column":36}},"1":{"start":{"line":2,"column":12},"end":{"line":2,"column":26}},"2":{"start":{"line":3,"column":12},"end":{"line":3,"column":35}},"3":{"start":{"line":4,"column":15},"end":{"line":4,"column":32}},"4":{"start":{"line":5,"column":15},"end":{"line":5,"column":32}},"5":{"start":{"line":6,"column":0},"end":{"line":6,"column":44}},"6":{"start":{"line":9,"column":16},"end":{"line":9,"column":24}},"7":{"start":{"line":10,"column":17},"end":{"line":10,"column":27}},"8":{"start":{"line":11,"column":27},"end":{"line":11,"column":45}},"9":{"start":{"line":13,"column":23},"end":{"line":49,"column":2}},"10":{"start":{"line":51,"column":0},"end":{"line":54,"column":1}},"11":{"start":{"line":52,"column":17},"end":{"line":52,"column":41}},"12":{"start":{"line":53,"column":4},"end":{"line":53,"column":59}},"13":{"start":{"line":56,"column":0},"end":{"line":58,"column":1}},"14":{"start":{"line":57,"column":4},"end":{"line":57,"column":57}},"15":{"start":{"line":60,"column":0},"end":{"line":69,"column":1}},"16":{"start":{"line":61,"column":18},"end":{"line":67,"column":5}},"17":{"start":{"line":68,"column":4},"end":{"line":68,"column":17}},"18":{"start":{"line":71,"column":17},"end":{"line":71,"column":59}},"19":{"start":{"line":74,"column":19},"end":{"line":83,"column":5}},"20":{"start":{"line":84,"column":4},"end":{"line":84,"column":42}},"21":{"start":{"line":87,"column":0},"end":{"line":91,"column":1}},"22":{"start":{"line":92,"column":0},"end":{"line":92,"column":35}},"23":{"start":{"line":93,"column":0},"end":{"line":93,"column":43}}},"fnMap":{"0":{"name":"(anonymous_0)","decl":{"start":{"line":51,"column":39},"end":{"line":51,"column":40}},"loc":{"start":{"line":51,"column":55},"end":{"line":54,"column":1}},"line":51},"1":{"name":"(anonymous_1)","decl":{"start":{"line":56,"column":39},"end":{"line":56,"column":40}},"loc":{"start":{"line":56,"column":63},"end":{"line":58,"column":1}},"line":56},"2":{"name":"(anonymous_2)","decl":{"start":{"line":60,"column":49},"end":{"line":60,"column":50}},"loc":{"start":{"line":60,"column":65},"end":{"line":69,"column":1}},"line":60},"3":{"name":"validateWordList","decl":{"start":{"line":73,"column":9},"end":{"line":73,"column":25}},"loc":{"start":{"line":73,"column":35},"end":{"line":85,"column":1}},"line":73}},"branchMap":{},"s":{"0":6,"1":6,"2":6,"3":6,"4":6,"5":6,"6":6,"7":6,"8":6,"9":6,"10":6,"11":24,"12":24,"13":6,"14":3,"15":6,"16":10,"17":10,"18":6,"19":11,"20":11,"21":6,"22":6,"23":6},"f":{"0":24,"1":3,"2":10,"3":11},"b":{},"_coverageSchema":"43e27e138ebf9cfc5966b082cf9a028302ed4184","hash":"fd35ed16a9d69a670347f812dec04d39551c1390"}
,"C:\\Code\\nodejs\\wordefine\\routes\\auth.js": {"path":"C:\\Code\\nodejs\\wordefine\\routes\\auth.js","statementMap":{"0":{"start":{"line":1,"column":17},"end":{"line":1,"column":42}},"1":{"start":{"line":2,"column":12},"end":{"line":2,"column":26}},"2":{"start":{"line":3,"column":16},"end":{"line":3,"column":34}},"3":{"start":{"line":4,"column":15},"end":{"line":4,"column":31}},"4":{"start":{"line":5,"column":0},"end":{"line":5,"column":32}},"5":{"start":{"line":7,"column":0},"end":{"line":23,"column":3}},"6":{"start":{"line":9,"column":22},"end":{"line":9,"column":40}},"7":{"start":{"line":10,"column":4},"end":{"line":10,"column":77}},"8":{"start":{"line":10,"column":14},"end":{"line":10,"column":77}},"9":{"start":{"line":13,"column":17},"end":{"line":13,"column":60}},"10":{"start":{"line":14,"column":4},"end":{"line":14,"column":80}},"11":{"start":{"line":14,"column":14},"end":{"line":14,"column":80}},"12":{"start":{"line":17,"column":26},"end":{"line":17,"column":69}},"13":{"start":{"line":18,"column":4},"end":{"line":18,"column":89}},"14":{"start":{"line":18,"column":23},"end":{"line":18,"column":89}},"15":{"start":{"line":21,"column":18},"end":{"line":21,"column":42}},"16":{"start":{"line":22,"column":4},"end":{"line":22,"column":60}},"17":{"start":{"line":27,"column":19},"end":{"line":30,"column":5}},"18":{"start":{"line":32,"column":4},"end":{"line":32,"column":38}},"19":{"start":{"line":35,"column":0},"end":{"line":35,"column":24}}},"fnMap":{"0":{"name":"(anonymous_0)","decl":{"start":{"line":7,"column":17},"end":{"line":7,"column":18}},"loc":{"start":{"line":7,"column":34},"end":{"line":23,"column":1}},"line":7},"1":{"name":"validate","decl":{"start":{"line":25,"column":9},"end":{"line":25,"column":17}},"loc":{"start":{"line":25,"column":23},"end":{"line":33,"column":1}},"line":25}},"branchMap":{"0":{"loc":{"start":{"line":10,"column":4},"end":{"line":10,"column":77}},"type":"if","locations":[{"start":{"line":10,"column":4},"end":{"line":10,"column":77}},{"start":{"line":10,"column":4},"end":{"line":10,"column":77}}],"line":10},"1":{"loc":{"start":{"line":14,"column":4},"end":{"line":14,"column":80}},"type":"if","locations":[{"start":{"line":14,"column":4},"end":{"line":14,"column":80}},{"start":{"line":14,"column":4},"end":{"line":14,"column":80}}],"line":14},"2":{"loc":{"start":{"line":18,"column":4},"end":{"line":18,"column":89}},"type":"if","locations":[{"start":{"line":18,"column":4},"end":{"line":18,"column":89}},{"start":{"line":18,"column":4},"end":{"line":18,"column":89}}],"line":18}},"s":{"0":5,"1":5,"2":5,"3":5,"4":5,"5":5,"6":3,"7":3,"8":0,"9":3,"10":3,"11":1,"12":2,"13":2,"14":1,"15":1,"16":1,"17":3,"18":3,"19":5},"f":{"0":3,"1":3},"b":{"0":[0,3],"1":[1,2],"2":[1,1]},"_coverageSchema":"43e27e138ebf9cfc5966b082cf9a028302ed4184","hash":"16303d87c79b05db683a941b17999636ff0f5c1f"}
,"C:\\Code\\nodejs\\wordefine\\routes\\favoriteWordLists.js": {"path":"C:\\Code\\nodejs\\wordefine\\routes\\favoriteWordLists.js","statementMap":{"0":{"start":{"line":1,"column":16},"end":{"line":1,"column":34}},"1":{"start":{"line":2,"column":15},"end":{"line":2,"column":31}},"2":{"start":{"line":3,"column":39},"end":{"line":3,"column":76}},"3":{"start":{"line":4,"column":21},"end":{"line":4,"column":50}},"4":{"start":{"line":5,"column":13},"end":{"line":5,"column":43}},"5":{"start":{"line":6,"column":25},"end":{"line":6,"column":67}},"6":{"start":{"line":7,"column":10},"end":{"line":7,"column":27}},"7":{"start":{"line":8,"column":12},"end":{"line":8,"column":26}},"8":{"start":{"line":9,"column":15},"end":{"line":9,"column":32}},"9":{"start":{"line":11,"column":13},"end":{"line":11,"column":14}},"10":{"start":{"line":12,"column":14},"end":{"line":12,"column":16}},"11":{"start":{"line":15,"column":19},"end":{"line":18,"column":5}},"12":{"start":{"line":19,"column":4},"end":{"line":19,"column":39}},"13":{"start":{"line":23,"column":4},"end":{"line":25,"column":75}},"14":{"start":{"line":29,"column":4},"end":{"line":31,"column":77}},"15":{"start":{"line":34,"column":0},"end":{"line":60,"column":3}},"16":{"start":{"line":36,"column":20},"end":{"line":36,"column":50}},"17":{"start":{"line":37,"column":4},"end":{"line":37,"column":77}},"18":{"start":{"line":37,"column":14},"end":{"line":37,"column":77}},"19":{"start":{"line":39,"column":18},"end":{"line":39,"column":50}},"20":{"start":{"line":40,"column":17},"end":{"line":40,"column":47}},"21":{"start":{"line":41,"column":18},"end":{"line":41,"column":36}},"22":{"start":{"line":44,"column":30},"end":{"line":49,"column":19}},"23":{"start":{"line":51,"column":34},"end":{"line":53,"column":23}},"24":{"start":{"line":55,"column":4},"end":{"line":59,"column":7}},"25":{"start":{"line":62,"column":0},"end":{"line":69,"column":3}},"26":{"start":{"line":63,"column":29},"end":{"line":63,"column":75}},"27":{"start":{"line":64,"column":4},"end":{"line":66,"column":7}},"28":{"start":{"line":64,"column":26},"end":{"line":66,"column":7}},"29":{"start":{"line":68,"column":4},"end":{"line":68,"column":95}},"30":{"start":{"line":71,"column":0},"end":{"line":95,"column":3}},"31":{"start":{"line":73,"column":22},"end":{"line":73,"column":40}},"32":{"start":{"line":74,"column":4},"end":{"line":74,"column":77}},"33":{"start":{"line":74,"column":14},"end":{"line":74,"column":77}},"34":{"start":{"line":77,"column":21},"end":{"line":77,"column":63}},"35":{"start":{"line":78,"column":4},"end":{"line":78,"column":78}},"36":{"start":{"line":78,"column":18},"end":{"line":78,"column":78}},"37":{"start":{"line":81,"column":27},"end":{"line":84,"column":6}},"38":{"start":{"line":85,"column":4},"end":{"line":85,"column":104}},"39":{"start":{"line":85,"column":25},"end":{"line":85,"column":104}},"40":{"start":{"line":88,"column":4},"end":{"line":91,"column":7}},"41":{"start":{"line":92,"column":4},"end":{"line":92,"column":34}},"42":{"start":{"line":94,"column":4},"end":{"line":94,"column":95}},"43":{"start":{"line":97,"column":0},"end":{"line":103,"column":3}},"44":{"start":{"line":98,"column":4},"end":{"line":100,"column":7}},"45":{"start":{"line":102,"column":4},"end":{"line":102,"column":56}},"46":{"start":{"line":105,"column":0},"end":{"line":115,"column":3}},"47":{"start":{"line":106,"column":29},"end":{"line":109,"column":6}},"48":{"start":{"line":110,"column":4},"end":{"line":112,"column":7}},"49":{"start":{"line":110,"column":26},"end":{"line":112,"column":7}},"50":{"start":{"line":114,"column":4},"end":{"line":114,"column":102}},"51":{"start":{"line":117,"column":0},"end":{"line":117,"column":24}}},"fnMap":{"0":{"name":"validateQueryString","decl":{"start":{"line":14,"column":9},"end":{"line":14,"column":28}},"loc":{"start":{"line":14,"column":35},"end":{"line":20,"column":1}},"line":14},"1":{"name":"createPreviousLink","decl":{"start":{"line":22,"column":9},"end":{"line":22,"column":27}},"loc":{"start":{"line":22,"column":53},"end":{"line":26,"column":1}},"line":22},"2":{"name":"createNextLink","decl":{"start":{"line":28,"column":9},"end":{"line":28,"column":23}},"loc":{"start":{"line":28,"column":49},"end":{"line":32,"column":1}},"line":28},"3":{"name":"(anonymous_3)","decl":{"start":{"line":34,"column":22},"end":{"line":34,"column":23}},"loc":{"start":{"line":34,"column":39},"end":{"line":60,"column":1}},"line":34},"4":{"name":"(anonymous_4)","decl":{"start":{"line":62,"column":46},"end":{"line":62,"column":47}},"loc":{"start":{"line":62,"column":63},"end":{"line":69,"column":1}},"line":62},"5":{"name":"(anonymous_5)","decl":{"start":{"line":71,"column":23},"end":{"line":71,"column":24}},"loc":{"start":{"line":71,"column":40},"end":{"line":95,"column":1}},"line":71},"6":{"name":"(anonymous_6)","decl":{"start":{"line":97,"column":25},"end":{"line":97,"column":26}},"loc":{"start":{"line":97,"column":42},"end":{"line":103,"column":1}},"line":97},"7":{"name":"(anonymous_7)","decl":{"start":{"line":105,"column":48},"end":{"line":105,"column":49}},"loc":{"start":{"line":105,"column":65},"end":{"line":115,"column":1}},"line":105}},"branchMap":{"0":{"loc":{"start":{"line":23,"column":11},"end":{"line":25,"column":74}},"type":"cond-expr","locations":[{"start":{"line":24,"column":8},"end":{"line":25,"column":62}},{"start":{"line":25,"column":65},"end":{"line":25,"column":74}}],"line":23},"1":{"loc":{"start":{"line":23,"column":12},"end":{"line":23,"column":47}},"type":"binary-expr","locations":[{"start":{"line":23,"column":12},"end":{"line":23,"column":20}},{"start":{"line":23,"column":24},"end":{"line":23,"column":47}}],"line":23},"2":{"loc":{"start":{"line":29,"column":11},"end":{"line":31,"column":76}},"type":"cond-expr","locations":[{"start":{"line":30,"column":8},"end":{"line":31,"column":64}},{"start":{"line":31,"column":67},"end":{"line":31,"column":76}}],"line":29},"3":{"loc":{"start":{"line":37,"column":4},"end":{"line":37,"column":77}},"type":"if","locations":[{"start":{"line":37,"column":4},"end":{"line":37,"column":77}},{"start":{"line":37,"column":4},"end":{"line":37,"column":77}}],"line":37},"4":{"loc":{"start":{"line":39,"column":18},"end":{"line":39,"column":50}},"type":"binary-expr","locations":[{"start":{"line":39,"column":18},"end":{"line":39,"column":41}},{"start":{"line":39,"column":45},"end":{"line":39,"column":50}}],"line":39},"5":{"loc":{"start":{"line":40,"column":17},"end":{"line":40,"column":47}},"type":"binary-expr","locations":[{"start":{"line":40,"column":17},"end":{"line":40,"column":39}},{"start":{"line":40,"column":43},"end":{"line":40,"column":47}}],"line":40},"6":{"loc":{"start":{"line":64,"column":4},"end":{"line":66,"column":7}},"type":"if","locations":[{"start":{"line":64,"column":4},"end":{"line":66,"column":7}},{"start":{"line":64,"column":4},"end":{"line":66,"column":7}}],"line":64},"7":{"loc":{"start":{"line":74,"column":4},"end":{"line":74,"column":77}},"type":"if","locations":[{"start":{"line":74,"column":4},"end":{"line":74,"column":77}},{"start":{"line":74,"column":4},"end":{"line":74,"column":77}}],"line":74},"8":{"loc":{"start":{"line":78,"column":4},"end":{"line":78,"column":78}},"type":"if","locations":[{"start":{"line":78,"column":4},"end":{"line":78,"column":78}},{"start":{"line":78,"column":4},"end":{"line":78,"column":78}}],"line":78},"9":{"loc":{"start":{"line":85,"column":4},"end":{"line":85,"column":104}},"type":"if","locations":[{"start":{"line":85,"column":4},"end":{"line":85,"column":104}},{"start":{"line":85,"column":4},"end":{"line":85,"column":104}}],"line":85},"10":{"loc":{"start":{"line":110,"column":4},"end":{"line":112,"column":7}},"type":"if","locations":[{"start":{"line":110,"column":4},"end":{"line":112,"column":7}},{"start":{"line":110,"column":4},"end":{"line":112,"column":7}}],"line":110}},"s":{"0":5,"1":5,"2":5,"3":5,"4":5,"5":5,"6":5,"7":5,"8":5,"9":5,"10":5,"11":3,"12":3,"13":3,"14":3,"15":5,"16":3,"17":3,"18":0,"19":3,"20":3,"21":3,"22":3,"23":3,"24":3,"25":5,"26":1,"27":1,"28":0,"29":1,"30":5,"31":3,"32":3,"33":0,"34":3,"35":3,"36":1,"37":2,"38":2,"39":1,"40":1,"41":1,"42":1,"43":5,"44":1,"45":1,"46":5,"47":2,"48":2,"49":1,"50":1,"51":5},"f":{"0":3,"1":3,"2":3,"3":3,"4":1,"5":3,"6":1,"7":2},"b":{"0":[1,2],"1":[3,1],"2":[1,2],"3":[0,3],"4":[3,1],"5":[3,2],"6":[0,1],"7":[0,3],"8":[1,2],"9":[1,1],"10":[1,1]},"_coverageSchema":"43e27e138ebf9cfc5966b082cf9a028302ed4184","hash":"99a02d1915ff131c72325aac379470ed91508fe6"}
,"C:\\Code\\nodejs\\wordefine\\routes\\users.js": {"path":"C:\\Code\\nodejs\\wordefine\\routes\\users.js","statementMap":{"0":{"start":{"line":1,"column":16},"end":{"line":1,"column":34}},"1":{"start":{"line":2,"column":15},"end":{"line":2,"column":31}},"2":{"start":{"line":3,"column":27},"end":{"line":3,"column":52}},"3":{"start":{"line":4,"column":13},"end":{"line":4,"column":43}},"4":{"start":{"line":5,"column":10},"end":{"line":5,"column":27}},"5":{"start":{"line":6,"column":0},"end":{"line":6,"column":32}},"6":{"start":{"line":8,"column":0},"end":{"line":27,"column":3}},"7":{"start":{"line":10,"column":22},"end":{"line":10,"column":40}},"8":{"start":{"line":11,"column":4},"end":{"line":11,"column":77}},"9":{"start":{"line":11,"column":14},"end":{"line":11,"column":77}},"10":{"start":{"line":14,"column":15},"end":{"line":14,"column":60}},"11":{"start":{"line":15,"column":4},"end":{"line":15,"column":79}},"12":{"start":{"line":15,"column":14},"end":{"line":15,"column":79}},"13":{"start":{"line":18,"column":4},"end":{"line":18,"column":69}},"14":{"start":{"line":19,"column":4},"end":{"line":19,"column":31}},"15":{"start":{"line":20,"column":4},"end":{"line":20,"column":22}},"16":{"start":{"line":23,"column":18},"end":{"line":23,"column":42}},"17":{"start":{"line":24,"column":4},"end":{"line":26,"column":7}},"18":{"start":{"line":29,"column":0},"end":{"line":35,"column":3}},"19":{"start":{"line":31,"column":17},"end":{"line":31,"column":50}},"20":{"start":{"line":32,"column":4},"end":{"line":32,"column":85}},"21":{"start":{"line":32,"column":14},"end":{"line":32,"column":85}},"22":{"start":{"line":34,"column":4},"end":{"line":34,"column":77}},"23":{"start":{"line":37,"column":0},"end":{"line":37,"column":24}}},"fnMap":{"0":{"name":"(anonymous_0)","decl":{"start":{"line":8,"column":17},"end":{"line":8,"column":18}},"loc":{"start":{"line":8,"column":35},"end":{"line":27,"column":1}},"line":8},"1":{"name":"(anonymous_1)","decl":{"start":{"line":29,"column":24},"end":{"line":29,"column":25}},"loc":{"start":{"line":29,"column":42},"end":{"line":35,"column":1}},"line":29}},"branchMap":{"0":{"loc":{"start":{"line":11,"column":4},"end":{"line":11,"column":77}},"type":"if","locations":[{"start":{"line":11,"column":4},"end":{"line":11,"column":77}},{"start":{"line":11,"column":4},"end":{"line":11,"column":77}}],"line":11},"1":{"loc":{"start":{"line":15,"column":4},"end":{"line":15,"column":79}},"type":"if","locations":[{"start":{"line":15,"column":4},"end":{"line":15,"column":79}},{"start":{"line":15,"column":4},"end":{"line":15,"column":79}}],"line":15},"2":{"loc":{"start":{"line":32,"column":4},"end":{"line":32,"column":85}},"type":"if","locations":[{"start":{"line":32,"column":4},"end":{"line":32,"column":85}},{"start":{"line":32,"column":4},"end":{"line":32,"column":85}}],"line":32}},"s":{"0":5,"1":5,"2":5,"3":5,"4":5,"5":5,"6":5,"7":2,"8":2,"9":0,"10":2,"11":2,"12":1,"13":1,"14":1,"15":1,"16":1,"17":1,"18":5,"19":2,"20":2,"21":1,"22":1,"23":5},"f":{"0":2,"1":2},"b":{"0":[0,2],"1":[1,1],"2":[1,1]},"_coverageSchema":"43e27e138ebf9cfc5966b082cf9a028302ed4184","hash":"3f212e855c7a911217e4ee31e81de802fa8abeaa"}
,"C:\\Code\\nodejs\\wordefine\\routes\\wordLists.js": {"path":"C:\\Code\\nodejs\\wordefine\\routes\\wordLists.js","statementMap":{"0":{"start":{"line":1,"column":16},"end":{"line":1,"column":34}},"1":{"start":{"line":2,"column":15},"end":{"line":2,"column":31}},"2":{"start":{"line":3,"column":13},"end":{"line":3,"column":43}},"3":{"start":{"line":4,"column":31},"end":{"line":4,"column":60}},"4":{"start":{"line":5,"column":17},"end":{"line":5,"column":42}},"5":{"start":{"line":6,"column":29},"end":{"line":6,"column":66}},"6":{"start":{"line":7,"column":50},"end":{"line":7,"column":84}},"7":{"start":{"line":8,"column":25},"end":{"line":8,"column":67}},"8":{"start":{"line":9,"column":10},"end":{"line":9,"column":27}},"9":{"start":{"line":10,"column":12},"end":{"line":10,"column":26}},"10":{"start":{"line":11,"column":16},"end":{"line":11,"column":34}},"11":{"start":{"line":12,"column":15},"end":{"line":12,"column":32}},"12":{"start":{"line":13,"column":0},"end":{"line":13,"column":32}},"13":{"start":{"line":16,"column":13},"end":{"line":16,"column":14}},"14":{"start":{"line":17,"column":14},"end":{"line":17,"column":16}},"15":{"start":{"line":20,"column":21},"end":{"line":20,"column":26}},"16":{"start":{"line":21,"column":4},"end":{"line":28,"column":5}},"17":{"start":{"line":21,"column":39},"end":{"line":21,"column":57}},"18":{"start":{"line":22,"column":9},"end":{"line":28,"column":5}},"19":{"start":{"line":22,"column":43},"end":{"line":22,"column":61}},"20":{"start":{"line":23,"column":9},"end":{"line":28,"column":5}},"21":{"start":{"line":25,"column":24},"end":{"line":25,"column":50}},"22":{"start":{"line":26,"column":8},"end":{"line":26,"column":81}},"23":{"start":{"line":26,"column":18},"end":{"line":26,"column":81}},"24":{"start":{"line":27,"column":8},"end":{"line":27,"column":69}},"25":{"start":{"line":29,"column":4},"end":{"line":29,"column":22}},"26":{"start":{"line":33,"column":19},"end":{"line":35,"column":5}},"27":{"start":{"line":36,"column":4},"end":{"line":36,"column":50}},"28":{"start":{"line":40,"column":19},"end":{"line":44,"column":5}},"29":{"start":{"line":45,"column":4},"end":{"line":45,"column":39}},"30":{"start":{"line":49,"column":4},"end":{"line":56,"column":5}},"31":{"start":{"line":50,"column":8},"end":{"line":52,"column":11}},"32":{"start":{"line":55,"column":8},"end":{"line":55,"column":38}},"33":{"start":{"line":60,"column":4},"end":{"line":67,"column":5}},"34":{"start":{"line":61,"column":8},"end":{"line":63,"column":11}},"35":{"start":{"line":66,"column":8},"end":{"line":66,"column":38}},"36":{"start":{"line":71,"column":4},"end":{"line":78,"column":5}},"37":{"start":{"line":72,"column":8},"end":{"line":74,"column":11}},"38":{"start":{"line":77,"column":8},"end":{"line":77,"column":38}},"39":{"start":{"line":82,"column":4},"end":{"line":89,"column":5}},"40":{"start":{"line":83,"column":8},"end":{"line":85,"column":11}},"41":{"start":{"line":88,"column":8},"end":{"line":88,"column":38}},"42":{"start":{"line":93,"column":4},"end":{"line":93,"column":36}},"43":{"start":{"line":94,"column":4},"end":{"line":94,"column":62}},"44":{"start":{"line":94,"column":26},"end":{"line":94,"column":62}},"45":{"start":{"line":95,"column":4},"end":{"line":95,"column":68}},"46":{"start":{"line":95,"column":28},"end":{"line":95,"column":68}},"47":{"start":{"line":96,"column":4},"end":{"line":103,"column":5}},"48":{"start":{"line":97,"column":30},"end":{"line":97,"column":77}},"49":{"start":{"line":98,"column":8},"end":{"line":102,"column":9}},"50":{"start":{"line":99,"column":12},"end":{"line":99,"column":50}},"51":{"start":{"line":100,"column":12},"end":{"line":100,"column":53}},"52":{"start":{"line":101,"column":12},"end":{"line":101,"column":43}},"53":{"start":{"line":104,"column":4},"end":{"line":104,"column":26}},"54":{"start":{"line":108,"column":4},"end":{"line":110,"column":88}},"55":{"start":{"line":114,"column":4},"end":{"line":116,"column":90}},"56":{"start":{"line":119,"column":0},"end":{"line":150,"column":3}},"57":{"start":{"line":121,"column":20},"end":{"line":121,"column":50}},"58":{"start":{"line":122,"column":4},"end":{"line":122,"column":77}},"59":{"start":{"line":122,"column":14},"end":{"line":122,"column":77}},"60":{"start":{"line":124,"column":22},"end":{"line":124,"column":24}},"61":{"start":{"line":125,"column":19},"end":{"line":125,"column":27}},"62":{"start":{"line":126,"column":4},"end":{"line":129,"column":5}},"63":{"start":{"line":127,"column":8},"end":{"line":127,"column":38}},"64":{"start":{"line":128,"column":8},"end":{"line":128,"column":27}},"65":{"start":{"line":131,"column":18},"end":{"line":131,"column":50}},"66":{"start":{"line":132,"column":17},"end":{"line":132,"column":47}},"67":{"start":{"line":133,"column":18},"end":{"line":133,"column":36}},"68":{"start":{"line":136,"column":22},"end":{"line":140,"column":29}},"69":{"start":{"line":142,"column":27},"end":{"line":142,"column":74}},"70":{"start":{"line":145,"column":4},"end":{"line":149,"column":7}},"71":{"start":{"line":152,"column":0},"end":{"line":166,"column":3}},"72":{"start":{"line":154,"column":19},"end":{"line":154,"column":37}},"73":{"start":{"line":155,"column":3},"end":{"line":155,"column":76}},"74":{"start":{"line":155,"column":13},"end":{"line":155,"column":76}},"75":{"start":{"line":158,"column":18},"end":{"line":158,"column":81}},"76":{"start":{"line":159,"column":3},"end":{"line":159,"column":32}},"77":{"start":{"line":160,"column":3},"end":{"line":160,"column":37}},"78":{"start":{"line":161,"column":3},"end":{"line":161,"column":57}},"79":{"start":{"line":161,"column":26},"end":{"line":161,"column":57}},"80":{"start":{"line":162,"column":3},"end":{"line":162,"column":25}},"81":{"start":{"line":165,"column":3},"end":{"line":165,"column":104}},"82":{"start":{"line":168,"column":0},"end":{"line":187,"column":3}},"83":{"start":{"line":170,"column":20},"end":{"line":172,"column":20}},"84":{"start":{"line":174,"column":4},"end":{"line":174,"column":56}},"85":{"start":{"line":174,"column":42},"end":{"line":174,"column":54}},"86":{"start":{"line":176,"column":4},"end":{"line":183,"column":5}},"87":{"start":{"line":177,"column":8},"end":{"line":177,"column":50}},"88":{"start":{"line":178,"column":8},"end":{"line":178,"column":62}},"89":{"start":{"line":180,"column":8},"end":{"line":182,"column":11}},"90":{"start":{"line":186,"column":4},"end":{"line":186,"column":48}},"91":{"start":{"line":189,"column":0},"end":{"line":198,"column":3}},"92":{"start":{"line":191,"column":21},"end":{"line":193,"column":6}},"93":{"start":{"line":194,"column":4},"end":{"line":194,"column":101}},"94":{"start":{"line":194,"column":18},"end":{"line":194,"column":101}},"95":{"start":{"line":197,"column":4},"end":{"line":197,"column":105}},"96":{"start":{"line":200,"column":0},"end":{"line":217,"column":3}},"97":{"start":{"line":202,"column":20},"end":{"line":202,"column":38}},"98":{"start":{"line":203,"column":4},"end":{"line":203,"column":77}},"99":{"start":{"line":203,"column":14},"end":{"line":203,"column":77}},"100":{"start":{"line":206,"column":19},"end":{"line":209,"column":6}},"101":{"start":{"line":210,"column":4},"end":{"line":210,"column":101}},"102":{"start":{"line":210,"column":18},"end":{"line":210,"column":101}},"103":{"start":{"line":213,"column":4},"end":{"line":213,"column":40}},"104":{"start":{"line":216,"column":4},"end":{"line":216,"column":105}},"105":{"start":{"line":219,"column":0},"end":{"line":233,"column":3}},"106":{"start":{"line":221,"column":21},"end":{"line":224,"column":6}},"107":{"start":{"line":225,"column":4},"end":{"line":225,"column":101}},"108":{"start":{"line":225,"column":18},"end":{"line":225,"column":101}},"109":{"start":{"line":228,"column":4},"end":{"line":228,"column":49}},"110":{"start":{"line":230,"column":4},"end":{"line":230,"column":61}},"111":{"start":{"line":232,"column":4},"end":{"line":232,"column":105}},"112":{"start":{"line":235,"column":0},"end":{"line":251,"column":3}},"113":{"start":{"line":237,"column":21},"end":{"line":237,"column":59}},"114":{"start":{"line":238,"column":4},"end":{"line":238,"column":103}},"115":{"start":{"line":238,"column":18},"end":{"line":238,"column":103}},"116":{"start":{"line":240,"column":23},"end":{"line":240,"column":69}},"117":{"start":{"line":241,"column":4},"end":{"line":243,"column":7}},"118":{"start":{"line":241,"column":20},"end":{"line":243,"column":7}},"119":{"start":{"line":246,"column":28},"end":{"line":246,"column":74}},"120":{"start":{"line":249,"column":4},"end":{"line":249,"column":56}},"121":{"start":{"line":250,"column":4},"end":{"line":250,"column":40}},"122":{"start":{"line":253,"column":0},"end":{"line":253,"column":24}}},"fnMap":{"0":{"name":"haveAccessToGetToken","decl":{"start":{"line":19,"column":15},"end":{"line":19,"column":35}},"loc":{"start":{"line":19,"column":56},"end":{"line":30,"column":1}},"line":19},"1":{"name":"validatePassword","decl":{"start":{"line":32,"column":9},"end":{"line":32,"column":25}},"loc":{"start":{"line":32,"column":44},"end":{"line":37,"column":1}},"line":32},"2":{"name":"validateQueryString","decl":{"start":{"line":39,"column":9},"end":{"line":39,"column":28}},"loc":{"start":{"line":39,"column":36},"end":{"line":46,"column":1}},"line":39},"3":{"name":"deleteManyWordFromManyWordList","decl":{"start":{"line":48,"column":15},"end":{"line":48,"column":45}},"loc":{"start":{"line":48,"column":56},"end":{"line":57,"column":1}},"line":48},"4":{"name":"deleteManyFavoriteWordListFromManyWordList","decl":{"start":{"line":59,"column":15},"end":{"line":59,"column":57}},"loc":{"start":{"line":59,"column":68},"end":{"line":68,"column":1}},"line":59},"5":{"name":"deleteManyWordFromOneWordList","decl":{"start":{"line":70,"column":15},"end":{"line":70,"column":44}},"loc":{"start":{"line":70,"column":57},"end":{"line":79,"column":1}},"line":70},"6":{"name":"deleteManyFavoriteWordListFromOneWordList","decl":{"start":{"line":81,"column":15},"end":{"line":81,"column":56}},"loc":{"start":{"line":81,"column":69},"end":{"line":90,"column":1}},"line":81},"7":{"name":"updateWordList","decl":{"start":{"line":92,"column":15},"end":{"line":92,"column":29}},"loc":{"start":{"line":92,"column":45},"end":{"line":105,"column":1}},"line":92},"8":{"name":"createPreviousLink","decl":{"start":{"line":107,"column":9},"end":{"line":107,"column":27}},"loc":{"start":{"line":107,"column":63},"end":{"line":111,"column":1}},"line":107},"9":{"name":"createNextLink","decl":{"start":{"line":113,"column":9},"end":{"line":113,"column":23}},"loc":{"start":{"line":113,"column":59},"end":{"line":117,"column":1}},"line":113},"10":{"name":"(anonymous_10)","decl":{"start":{"line":119,"column":22},"end":{"line":119,"column":23}},"loc":{"start":{"line":119,"column":39},"end":{"line":150,"column":1}},"line":119},"11":{"name":"(anonymous_11)","decl":{"start":{"line":152,"column":23},"end":{"line":152,"column":24}},"loc":{"start":{"line":152,"column":41},"end":{"line":166,"column":1}},"line":152},"12":{"name":"(anonymous_12)","decl":{"start":{"line":168,"column":25},"end":{"line":168,"column":26}},"loc":{"start":{"line":168,"column":42},"end":{"line":187,"column":1}},"line":168},"13":{"name":"(anonymous_13)","decl":{"start":{"line":174,"column":30},"end":{"line":174,"column":31}},"loc":{"start":{"line":174,"column":42},"end":{"line":174,"column":54}},"line":174},"14":{"name":"(anonymous_14)","decl":{"start":{"line":189,"column":45},"end":{"line":189,"column":46}},"loc":{"start":{"line":189,"column":63},"end":{"line":198,"column":1}},"line":189},"15":{"name":"(anonymous_15)","decl":{"start":{"line":200,"column":45},"end":{"line":200,"column":46}},"loc":{"start":{"line":200,"column":62},"end":{"line":217,"column":1}},"line":200},"16":{"name":"(anonymous_16)","decl":{"start":{"line":219,"column":48},"end":{"line":219,"column":49}},"loc":{"start":{"line":219,"column":65},"end":{"line":233,"column":1}},"line":219},"17":{"name":"(anonymous_17)","decl":{"start":{"line":235,"column":52},"end":{"line":235,"column":53}},"loc":{"start":{"line":235,"column":69},"end":{"line":251,"column":1}},"line":235}},"branchMap":{"0":{"loc":{"start":{"line":21,"column":4},"end":{"line":28,"column":5}},"type":"if","locations":[{"start":{"line":21,"column":4},"end":{"line":28,"column":5}},{"start":{"line":21,"column":4},"end":{"line":28,"column":5}}],"line":21},"1":{"loc":{"start":{"line":22,"column":9},"end":{"line":28,"column":5}},"type":"if","locations":[{"start":{"line":22,"column":9},"end":{"line":28,"column":5}},{"start":{"line":22,"column":9},"end":{"line":28,"column":5}}],"line":22},"2":{"loc":{"start":{"line":23,"column":9},"end":{"line":28,"column":5}},"type":"if","locations":[{"start":{"line":23,"column":9},"end":{"line":28,"column":5}},{"start":{"line":23,"column":9},"end":{"line":28,"column":5}}],"line":23},"3":{"loc":{"start":{"line":26,"column":8},"end":{"line":26,"column":81}},"type":"if","locations":[{"start":{"line":26,"column":8},"end":{"line":26,"column":81}},{"start":{"line":26,"column":8},"end":{"line":26,"column":81}}],"line":26},"4":{"loc":{"start":{"line":94,"column":4},"end":{"line":94,"column":62}},"type":"if","locations":[{"start":{"line":94,"column":4},"end":{"line":94,"column":62}},{"start":{"line":94,"column":4},"end":{"line":94,"column":62}}],"line":94},"5":{"loc":{"start":{"line":95,"column":4},"end":{"line":95,"column":68}},"type":"if","locations":[{"start":{"line":95,"column":4},"end":{"line":95,"column":68}},{"start":{"line":95,"column":4},"end":{"line":95,"column":68}}],"line":95},"6":{"loc":{"start":{"line":96,"column":4},"end":{"line":103,"column":5}},"type":"if","locations":[{"start":{"line":96,"column":4},"end":{"line":103,"column":5}},{"start":{"line":96,"column":4},"end":{"line":103,"column":5}}],"line":96},"7":{"loc":{"start":{"line":98,"column":8},"end":{"line":102,"column":9}},"type":"if","locations":[{"start":{"line":98,"column":8},"end":{"line":102,"column":9}},{"start":{"line":98,"column":8},"end":{"line":102,"column":9}}],"line":98},"8":{"loc":{"start":{"line":108,"column":11},"end":{"line":110,"column":87}},"type":"cond-expr","locations":[{"start":{"line":109,"column":8},"end":{"line":110,"column":75}},{"start":{"line":110,"column":78},"end":{"line":110,"column":87}}],"line":108},"9":{"loc":{"start":{"line":108,"column":12},"end":{"line":108,"column":47}},"type":"binary-expr","locations":[{"start":{"line":108,"column":12},"end":{"line":108,"column":20}},{"start":{"line":108,"column":24},"end":{"line":108,"column":47}}],"line":108},"10":{"loc":{"start":{"line":114,"column":11},"end":{"line":116,"column":89}},"type":"cond-expr","locations":[{"start":{"line":115,"column":8},"end":{"line":116,"column":77}},{"start":{"line":116,"column":80},"end":{"line":116,"column":89}}],"line":114},"11":{"loc":{"start":{"line":122,"column":4},"end":{"line":122,"column":77}},"type":"if","locations":[{"start":{"line":122,"column":4},"end":{"line":122,"column":77}},{"start":{"line":122,"column":4},"end":{"line":122,"column":77}}],"line":122},"12":{"loc":{"start":{"line":126,"column":4},"end":{"line":129,"column":5}},"type":"if","locations":[{"start":{"line":126,"column":4},"end":{"line":129,"column":5}},{"start":{"line":126,"column":4},"end":{"line":129,"column":5}}],"line":126},"13":{"loc":{"start":{"line":131,"column":18},"end":{"line":131,"column":50}},"type":"binary-expr","locations":[{"start":{"line":131,"column":18},"end":{"line":131,"column":41}},{"start":{"line":131,"column":45},"end":{"line":131,"column":50}}],"line":131},"14":{"loc":{"start":{"line":132,"column":17},"end":{"line":132,"column":47}},"type":"binary-expr","locations":[{"start":{"line":132,"column":17},"end":{"line":132,"column":39}},{"start":{"line":132,"column":43},"end":{"line":132,"column":47}}],"line":132},"15":{"loc":{"start":{"line":155,"column":3},"end":{"line":155,"column":76}},"type":"if","locations":[{"start":{"line":155,"column":3},"end":{"line":155,"column":76}},{"start":{"line":155,"column":3},"end":{"line":155,"column":76}}],"line":155},"16":{"loc":{"start":{"line":161,"column":3},"end":{"line":161,"column":57}},"type":"if","locations":[{"start":{"line":161,"column":3},"end":{"line":161,"column":57}},{"start":{"line":161,"column":3},"end":{"line":161,"column":57}}],"line":161},"17":{"loc":{"start":{"line":176,"column":4},"end":{"line":183,"column":5}},"type":"if","locations":[{"start":{"line":176,"column":4},"end":{"line":183,"column":5}},{"start":{"line":176,"column":4},"end":{"line":183,"column":5}}],"line":176},"18":{"loc":{"start":{"line":194,"column":4},"end":{"line":194,"column":101}},"type":"if","locations":[{"start":{"line":194,"column":4},"end":{"line":194,"column":101}},{"start":{"line":194,"column":4},"end":{"line":194,"column":101}}],"line":194},"19":{"loc":{"start":{"line":203,"column":4},"end":{"line":203,"column":77}},"type":"if","locations":[{"start":{"line":203,"column":4},"end":{"line":203,"column":77}},{"start":{"line":203,"column":4},"end":{"line":203,"column":77}}],"line":203},"20":{"loc":{"start":{"line":210,"column":4},"end":{"line":210,"column":101}},"type":"if","locations":[{"start":{"line":210,"column":4},"end":{"line":210,"column":101}},{"start":{"line":210,"column":4},"end":{"line":210,"column":101}}],"line":210},"21":{"loc":{"start":{"line":225,"column":4},"end":{"line":225,"column":101}},"type":"if","locations":[{"start":{"line":225,"column":4},"end":{"line":225,"column":101}},{"start":{"line":225,"column":4},"end":{"line":225,"column":101}}],"line":225},"22":{"loc":{"start":{"line":238,"column":4},"end":{"line":238,"column":103}},"type":"if","locations":[{"start":{"line":238,"column":4},"end":{"line":238,"column":103}},{"start":{"line":238,"column":4},"end":{"line":238,"column":103}}],"line":238},"23":{"loc":{"start":{"line":241,"column":4},"end":{"line":243,"column":7}},"type":"if","locations":[{"start":{"line":241,"column":4},"end":{"line":243,"column":7}},{"start":{"line":241,"column":4},"end":{"line":243,"column":7}}],"line":241}},"s":{"0":5,"1":5,"2":5,"3":5,"4":5,"5":5,"6":5,"7":5,"8":5,"9":5,"10":5,"11":5,"12":5,"13":5,"14":5,"15":3,"16":3,"17":1,"18":2,"19":1,"20":1,"21":1,"22":1,"23":0,"24":1,"25":3,"26":1,"27":1,"28":5,"29":5,"30":2,"31":2,"32":0,"33":2,"34":2,"35":0,"36":2,"37":2,"38":0,"39":2,"40":2,"41":0,"42":1,"43":1,"44":1,"45":1,"46":1,"47":1,"48":1,"49":1,"50":1,"51":1,"52":1,"53":1,"54":5,"55":5,"56":5,"57":5,"58":5,"59":0,"60":5,"61":5,"62":5,"63":4,"64":4,"65":5,"66":5,"67":5,"68":5,"69":5,"70":5,"71":5,"72":2,"73":2,"74":0,"75":2,"76":2,"77":2,"78":2,"79":1,"80":2,"81":2,"82":5,"83":2,"84":2,"85":3,"86":2,"87":2,"88":2,"89":2,"90":2,"91":5,"92":1,"93":1,"94":0,"95":1,"96":5,"97":1,"98":1,"99":0,"100":1,"101":1,"102":0,"103":1,"104":1,"105":5,"106":2,"107":2,"108":0,"109":2,"110":2,"111":2,"112":5,"113":3,"114":3,"115":0,"116":3,"117":3,"118":0,"119":3,"120":3,"121":3,"122":5},"f":{"0":3,"1":1,"2":5,"3":2,"4":2,"5":2,"6":2,"7":1,"8":5,"9":5,"10":5,"11":2,"12":2,"13":3,"14":1,"15":1,"16":2,"17":3},"b":{"0":[1,2],"1":[1,1],"2":[1,0],"3":[0,1],"4":[1,0],"5":[1,0],"6":[1,0],"7":[1,0],"8":[1,4],"9":[5,1],"10":[1,4],"11":[0,5],"12":[4,1],"13":[5,3],"14":[5,4],"15":[0,2],"16":[1,1],"17":[2,0],"18":[0,1],"19":[0,1],"20":[0,1],"21":[0,2],"22":[0,3],"23":[0,3]},"_coverageSchema":"43e27e138ebf9cfc5966b082cf9a028302ed4184","hash":"3c55b6c287c3c165a84665d9fe8486bf6925db3d"}
,"C:\\Code\\nodejs\\wordefine\\routes\\words.js": {"path":"C:\\Code\\nodejs\\wordefine\\routes\\words.js","statementMap":{"0":{"start":{"line":1,"column":16},"end":{"line":1,"column":34}},"1":{"start":{"line":2,"column":15},"end":{"line":2,"column":31}},"2":{"start":{"line":3,"column":27},"end":{"line":3,"column":52}},"3":{"start":{"line":4,"column":21},"end":{"line":4,"column":50}},"4":{"start":{"line":5,"column":41},"end":{"line":5,"column":75}},"5":{"start":{"line":6,"column":13},"end":{"line":6,"column":43}},"6":{"start":{"line":7,"column":25},"end":{"line":7,"column":67}},"7":{"start":{"line":8,"column":25},"end":{"line":8,"column":67}},"8":{"start":{"line":9,"column":15},"end":{"line":9,"column":32}},"9":{"start":{"line":10,"column":12},"end":{"line":10,"column":26}},"10":{"start":{"line":11,"column":10},"end":{"line":11,"column":27}},"11":{"start":{"line":12,"column":0},"end":{"line":12,"column":32}},"12":{"start":{"line":14,"column":13},"end":{"line":14,"column":14}},"13":{"start":{"line":15,"column":14},"end":{"line":15,"column":16}},"14":{"start":{"line":18,"column":19},"end":{"line":21,"column":5}},"15":{"start":{"line":22,"column":4},"end":{"line":22,"column":39}},"16":{"start":{"line":26,"column":4},"end":{"line":33,"column":5}},"17":{"start":{"line":26,"column":38},"end":{"line":26,"column":50}},"18":{"start":{"line":27,"column":9},"end":{"line":33,"column":5}},"19":{"start":{"line":27,"column":44},"end":{"line":27,"column":56}},"20":{"start":{"line":28,"column":9},"end":{"line":33,"column":5}},"21":{"start":{"line":30,"column":24},"end":{"line":30,"column":59}},"22":{"start":{"line":31,"column":8},"end":{"line":31,"column":31}},"23":{"start":{"line":31,"column":18},"end":{"line":31,"column":31}},"24":{"start":{"line":32,"column":8},"end":{"line":32,"column":63}},"25":{"start":{"line":34,"column":4},"end":{"line":34,"column":17}},"26":{"start":{"line":38,"column":4},"end":{"line":39,"column":51}},"27":{"start":{"line":38,"column":38},"end":{"line":38,"column":50}},"28":{"start":{"line":39,"column":9},"end":{"line":39,"column":51}},"29":{"start":{"line":39,"column":39},"end":{"line":39,"column":51}},"30":{"start":{"line":40,"column":4},"end":{"line":40,"column":17}},"31":{"start":{"line":44,"column":4},"end":{"line":44,"column":30}},"32":{"start":{"line":45,"column":4},"end":{"line":46,"column":46}},"33":{"start":{"line":46,"column":8},"end":{"line":46,"column":46}},"34":{"start":{"line":47,"column":4},"end":{"line":48,"column":42}},"35":{"start":{"line":48,"column":8},"end":{"line":48,"column":42}},"36":{"start":{"line":49,"column":4},"end":{"line":50,"column":34}},"37":{"start":{"line":50,"column":8},"end":{"line":50,"column":34}},"38":{"start":{"line":51,"column":4},"end":{"line":51,"column":22}},"39":{"start":{"line":55,"column":21},"end":{"line":55,"column":60}},"40":{"start":{"line":56,"column":4},"end":{"line":56,"column":52}},"41":{"start":{"line":60,"column":4},"end":{"line":62,"column":63}},"42":{"start":{"line":66,"column":4},"end":{"line":68,"column":65}},"43":{"start":{"line":71,"column":0},"end":{"line":98,"column":3}},"44":{"start":{"line":73,"column":20},"end":{"line":73,"column":50}},"45":{"start":{"line":74,"column":4},"end":{"line":74,"column":77}},"46":{"start":{"line":74,"column":14},"end":{"line":74,"column":77}},"47":{"start":{"line":76,"column":18},"end":{"line":76,"column":50}},"48":{"start":{"line":77,"column":19},"end":{"line":77,"column":49}},"49":{"start":{"line":78,"column":18},"end":{"line":78,"column":36}},"50":{"start":{"line":81,"column":18},"end":{"line":87,"column":19}},"51":{"start":{"line":89,"column":23},"end":{"line":91,"column":23}},"52":{"start":{"line":93,"column":4},"end":{"line":97,"column":6}},"53":{"start":{"line":100,"column":0},"end":{"line":126,"column":3}},"54":{"start":{"line":102,"column":20},"end":{"line":102,"column":38}},"55":{"start":{"line":103,"column":4},"end":{"line":103,"column":77}},"56":{"start":{"line":103,"column":14},"end":{"line":103,"column":77}},"57":{"start":{"line":106,"column":21},"end":{"line":106,"column":63}},"58":{"start":{"line":107,"column":4},"end":{"line":107,"column":75}},"59":{"start":{"line":107,"column":18},"end":{"line":107,"column":75}},"60":{"start":{"line":110,"column":23},"end":{"line":110,"column":59}},"61":{"start":{"line":111,"column":4},"end":{"line":113,"column":7}},"62":{"start":{"line":111,"column":20},"end":{"line":113,"column":7}},"63":{"start":{"line":116,"column":15},"end":{"line":116,"column":87}},"64":{"start":{"line":117,"column":4},"end":{"line":117,"column":29}},"65":{"start":{"line":118,"column":4},"end":{"line":118,"column":26}},"66":{"start":{"line":119,"column":4},"end":{"line":119,"column":22}},"67":{"start":{"line":122,"column":4},"end":{"line":125,"column":7}},"68":{"start":{"line":128,"column":0},"end":{"line":137,"column":3}},"69":{"start":{"line":130,"column":17},"end":{"line":130,"column":51}},"70":{"start":{"line":131,"column":4},"end":{"line":131,"column":93}},"71":{"start":{"line":131,"column":14},"end":{"line":131,"column":93}},"72":{"start":{"line":133,"column":4},"end":{"line":136,"column":7}},"73":{"start":{"line":139,"column":0},"end":{"line":172,"column":3}},"74":{"start":{"line":141,"column":20},"end":{"line":141,"column":38}},"75":{"start":{"line":142,"column":4},"end":{"line":142,"column":77}},"76":{"start":{"line":142,"column":14},"end":{"line":142,"column":77}},"77":{"start":{"line":145,"column":15},"end":{"line":147,"column":6}},"78":{"start":{"line":148,"column":4},"end":{"line":148,"column":95}},"79":{"start":{"line":148,"column":14},"end":{"line":148,"column":95}},"80":{"start":{"line":151,"column":21},"end":{"line":151,"column":63}},"81":{"start":{"line":152,"column":4},"end":{"line":152,"column":75}},"82":{"start":{"line":152,"column":18},"end":{"line":152,"column":75}},"83":{"start":{"line":154,"column":4},"end":{"line":156,"column":7}},"84":{"start":{"line":154,"column":52},"end":{"line":156,"column":7}},"85":{"start":{"line":160,"column":23},"end":{"line":160,"column":62}},"86":{"start":{"line":161,"column":4},"end":{"line":163,"column":7}},"87":{"start":{"line":161,"column":20},"end":{"line":163,"column":7}},"88":{"start":{"line":166,"column":4},"end":{"line":166,"column":32}},"89":{"start":{"line":168,"column":4},"end":{"line":171,"column":7}},"90":{"start":{"line":174,"column":0},"end":{"line":196,"column":3}},"91":{"start":{"line":176,"column":15},"end":{"line":178,"column":6}},"92":{"start":{"line":179,"column":4},"end":{"line":179,"column":95}},"93":{"start":{"line":179,"column":14},"end":{"line":179,"column":95}},"94":{"start":{"line":182,"column":21},"end":{"line":182,"column":59}},"95":{"start":{"line":183,"column":4},"end":{"line":183,"column":99}},"96":{"start":{"line":183,"column":18},"end":{"line":183,"column":99}},"97":{"start":{"line":187,"column":23},"end":{"line":187,"column":62}},"98":{"start":{"line":188,"column":4},"end":{"line":188,"column":97}},"99":{"start":{"line":188,"column":20},"end":{"line":188,"column":97}},"100":{"start":{"line":190,"column":4},"end":{"line":190,"column":31}},"101":{"start":{"line":192,"column":4},"end":{"line":195,"column":7}},"102":{"start":{"line":198,"column":0},"end":{"line":198,"column":24}}},"fnMap":{"0":{"name":"validateQueryString","decl":{"start":{"line":17,"column":9},"end":{"line":17,"column":28}},"loc":{"start":{"line":17,"column":35},"end":{"line":23,"column":1}},"line":17},"1":{"name":"accessToAddWord","decl":{"start":{"line":25,"column":15},"end":{"line":25,"column":30}},"loc":{"start":{"line":25,"column":45},"end":{"line":35,"column":1}},"line":25},"2":{"name":"accessToModifyWord","decl":{"start":{"line":37,"column":9},"end":{"line":37,"column":27}},"loc":{"start":{"line":37,"column":48},"end":{"line":41,"column":1}},"line":37},"3":{"name":"updateWord","decl":{"start":{"line":43,"column":15},"end":{"line":43,"column":25}},"loc":{"start":{"line":43,"column":37},"end":{"line":52,"column":1}},"line":43},"4":{"name":"validatePassword","decl":{"start":{"line":54,"column":9},"end":{"line":54,"column":25}},"loc":{"start":{"line":54,"column":43},"end":{"line":57,"column":1}},"line":54},"5":{"name":"createPreviousLink","decl":{"start":{"line":59,"column":9},"end":{"line":59,"column":27}},"loc":{"start":{"line":59,"column":53},"end":{"line":63,"column":1}},"line":59},"6":{"name":"createNextLink","decl":{"start":{"line":65,"column":9},"end":{"line":65,"column":23}},"loc":{"start":{"line":65,"column":49},"end":{"line":69,"column":1}},"line":65},"7":{"name":"(anonymous_7)","decl":{"start":{"line":71,"column":42},"end":{"line":71,"column":43}},"loc":{"start":{"line":71,"column":59},"end":{"line":98,"column":1}},"line":71},"8":{"name":"(anonymous_8)","decl":{"start":{"line":100,"column":23},"end":{"line":100,"column":24}},"loc":{"start":{"line":100,"column":40},"end":{"line":126,"column":1}},"line":100},"9":{"name":"(anonymous_9)","decl":{"start":{"line":128,"column":63},"end":{"line":128,"column":64}},"loc":{"start":{"line":128,"column":80},"end":{"line":137,"column":1}},"line":128},"10":{"name":"(anonymous_10)","decl":{"start":{"line":139,"column":45},"end":{"line":139,"column":46}},"loc":{"start":{"line":139,"column":62},"end":{"line":172,"column":1}},"line":139},"11":{"name":"(anonymous_11)","decl":{"start":{"line":174,"column":48},"end":{"line":174,"column":49}},"loc":{"start":{"line":174,"column":65},"end":{"line":196,"column":1}},"line":174}},"branchMap":{"0":{"loc":{"start":{"line":26,"column":4},"end":{"line":33,"column":5}},"type":"if","locations":[{"start":{"line":26,"column":4},"end":{"line":33,"column":5}},{"start":{"line":26,"column":4},"end":{"line":33,"column":5}}],"line":26},"1":{"loc":{"start":{"line":27,"column":9},"end":{"line":33,"column":5}},"type":"if","locations":[{"start":{"line":27,"column":9},"end":{"line":33,"column":5}},{"start":{"line":27,"column":9},"end":{"line":33,"column":5}}],"line":27},"2":{"loc":{"start":{"line":28,"column":9},"end":{"line":33,"column":5}},"type":"if","locations":[{"start":{"line":28,"column":9},"end":{"line":33,"column":5}},{"start":{"line":28,"column":9},"end":{"line":33,"column":5}}],"line":28},"3":{"loc":{"start":{"line":31,"column":8},"end":{"line":31,"column":31}},"type":"if","locations":[{"start":{"line":31,"column":8},"end":{"line":31,"column":31}},{"start":{"line":31,"column":8},"end":{"line":31,"column":31}}],"line":31},"4":{"loc":{"start":{"line":38,"column":4},"end":{"line":39,"column":51}},"type":"if","locations":[{"start":{"line":38,"column":4},"end":{"line":39,"column":51}},{"start":{"line":38,"column":4},"end":{"line":39,"column":51}}],"line":38},"5":{"loc":{"start":{"line":39,"column":9},"end":{"line":39,"column":51}},"type":"if","locations":[{"start":{"line":39,"column":9},"end":{"line":39,"column":51}},{"start":{"line":39,"column":9},"end":{"line":39,"column":51}}],"line":39},"6":{"loc":{"start":{"line":45,"column":4},"end":{"line":46,"column":46}},"type":"if","locations":[{"start":{"line":45,"column":4},"end":{"line":46,"column":46}},{"start":{"line":45,"column":4},"end":{"line":46,"column":46}}],"line":45},"7":{"loc":{"start":{"line":47,"column":4},"end":{"line":48,"column":42}},"type":"if","locations":[{"start":{"line":47,"column":4},"end":{"line":48,"column":42}},{"start":{"line":47,"column":4},"end":{"line":48,"column":42}}],"line":47},"8":{"loc":{"start":{"line":49,"column":4},"end":{"line":50,"column":34}},"type":"if","locations":[{"start":{"line":49,"column":4},"end":{"line":50,"column":34}},{"start":{"line":49,"column":4},"end":{"line":50,"column":34}}],"line":49},"9":{"loc":{"start":{"line":60,"column":11},"end":{"line":62,"column":62}},"type":"cond-expr","locations":[{"start":{"line":61,"column":8},"end":{"line":62,"column":50}},{"start":{"line":62,"column":53},"end":{"line":62,"column":62}}],"line":60},"10":{"loc":{"start":{"line":60,"column":12},"end":{"line":60,"column":47}},"type":"binary-expr","locations":[{"start":{"line":60,"column":12},"end":{"line":60,"column":20}},{"start":{"line":60,"column":24},"end":{"line":60,"column":47}}],"line":60},"11":{"loc":{"start":{"line":66,"column":11},"end":{"line":68,"column":64}},"type":"cond-expr","locations":[{"start":{"line":67,"column":8},"end":{"line":68,"column":52}},{"start":{"line":68,"column":55},"end":{"line":68,"column":64}}],"line":66},"12":{"loc":{"start":{"line":74,"column":4},"end":{"line":74,"column":77}},"type":"if","locations":[{"start":{"line":74,"column":4},"end":{"line":74,"column":77}},{"start":{"line":74,"column":4},"end":{"line":74,"column":77}}],"line":74},"13":{"loc":{"start":{"line":76,"column":18},"end":{"line":76,"column":50}},"type":"binary-expr","locations":[{"start":{"line":76,"column":18},"end":{"line":76,"column":41}},{"start":{"line":76,"column":45},"end":{"line":76,"column":50}}],"line":76},"14":{"loc":{"start":{"line":77,"column":19},"end":{"line":77,"column":49}},"type":"binary-expr","locations":[{"start":{"line":77,"column":19},"end":{"line":77,"column":41}},{"start":{"line":77,"column":45},"end":{"line":77,"column":49}}],"line":77},"15":{"loc":{"start":{"line":103,"column":4},"end":{"line":103,"column":77}},"type":"if","locations":[{"start":{"line":103,"column":4},"end":{"line":103,"column":77}},{"start":{"line":103,"column":4},"end":{"line":103,"column":77}}],"line":103},"16":{"loc":{"start":{"line":107,"column":4},"end":{"line":107,"column":75}},"type":"if","locations":[{"start":{"line":107,"column":4},"end":{"line":107,"column":75}},{"start":{"line":107,"column":4},"end":{"line":107,"column":75}}],"line":107},"17":{"loc":{"start":{"line":111,"column":4},"end":{"line":113,"column":7}},"type":"if","locations":[{"start":{"line":111,"column":4},"end":{"line":113,"column":7}},{"start":{"line":111,"column":4},"end":{"line":113,"column":7}}],"line":111},"18":{"loc":{"start":{"line":131,"column":4},"end":{"line":131,"column":93}},"type":"if","locations":[{"start":{"line":131,"column":4},"end":{"line":131,"column":93}},{"start":{"line":131,"column":4},"end":{"line":131,"column":93}}],"line":131},"19":{"loc":{"start":{"line":142,"column":4},"end":{"line":142,"column":77}},"type":"if","locations":[{"start":{"line":142,"column":4},"end":{"line":142,"column":77}},{"start":{"line":142,"column":4},"end":{"line":142,"column":77}}],"line":142},"20":{"loc":{"start":{"line":148,"column":4},"end":{"line":148,"column":95}},"type":"if","locations":[{"start":{"line":148,"column":4},"end":{"line":148,"column":95}},{"start":{"line":148,"column":4},"end":{"line":148,"column":95}}],"line":148},"21":{"loc":{"start":{"line":152,"column":4},"end":{"line":152,"column":75}},"type":"if","locations":[{"start":{"line":152,"column":4},"end":{"line":152,"column":75}},{"start":{"line":152,"column":4},"end":{"line":152,"column":75}}],"line":152},"22":{"loc":{"start":{"line":154,"column":4},"end":{"line":156,"column":7}},"type":"if","locations":[{"start":{"line":154,"column":4},"end":{"line":156,"column":7}},{"start":{"line":154,"column":4},"end":{"line":156,"column":7}}],"line":154},"23":{"loc":{"start":{"line":161,"column":4},"end":{"line":163,"column":7}},"type":"if","locations":[{"start":{"line":161,"column":4},"end":{"line":163,"column":7}},{"start":{"line":161,"column":4},"end":{"line":163,"column":7}}],"line":161},"24":{"loc":{"start":{"line":179,"column":4},"end":{"line":179,"column":95}},"type":"if","locations":[{"start":{"line":179,"column":4},"end":{"line":179,"column":95}},{"start":{"line":179,"column":4},"end":{"line":179,"column":95}}],"line":179},"25":{"loc":{"start":{"line":183,"column":4},"end":{"line":183,"column":99}},"type":"if","locations":[{"start":{"line":183,"column":4},"end":{"line":183,"column":99}},{"start":{"line":183,"column":4},"end":{"line":183,"column":99}}],"line":183},"26":{"loc":{"start":{"line":188,"column":4},"end":{"line":188,"column":97}},"type":"if","locations":[{"start":{"line":188,"column":4},"end":{"line":188,"column":97}},{"start":{"line":188,"column":4},"end":{"line":188,"column":97}}],"line":188}},"s":{"0":5,"1":5,"2":5,"3":5,"4":5,"5":5,"6":5,"7":5,"8":5,"9":5,"10":5,"11":5,"12":5,"13":5,"14":3,"15":3,"16":5,"17":2,"18":3,"19":1,"20":2,"21":2,"22":2,"23":1,"24":1,"25":0,"26":4,"27":2,"28":2,"29":2,"30":0,"31":2,"32":2,"33":0,"34":2,"35":0,"36":2,"37":1,"38":2,"39":2,"40":2,"41":3,"42":3,"43":5,"44":3,"45":3,"46":0,"47":3,"48":3,"49":3,"50":3,"51":3,"52":3,"53":5,"54":5,"55":5,"56":0,"57":5,"58":5,"59":0,"60":5,"61":5,"62":1,"63":4,"64":4,"65":4,"66":4,"67":4,"68":5,"69":1,"70":1,"71":0,"72":1,"73":5,"74":2,"75":2,"76":0,"77":2,"78":2,"79":0,"80":2,"81":2,"82":0,"83":2,"84":0,"85":2,"86":2,"87":0,"88":2,"89":2,"90":5,"91":2,"92":2,"93":0,"94":2,"95":2,"96":0,"97":2,"98":2,"99":0,"100":2,"101":2,"102":5},"f":{"0":3,"1":5,"2":4,"3":2,"4":2,"5":3,"6":3,"7":3,"8":5,"9":1,"10":2,"11":2},"b":{"0":[2,3],"1":[1,2],"2":[2,0],"3":[1,1],"4":[2,2],"5":[2,0],"6":[0,2],"7":[0,2],"8":[1,1],"9":[1,2],"10":[3,1],"11":[1,2],"12":[0,3],"13":[3,1],"14":[3,2],"15":[0,5],"16":[0,5],"17":[1,4],"18":[0,1],"19":[0,2],"20":[0,2],"21":[0,2],"22":[0,2],"23":[0,2],"24":[0,2],"25":[0,2],"26":[0,2]},"_coverageSchema":"43e27e138ebf9cfc5966b082cf9a028302ed4184","hash":"2275f6269b5948867b5a71145c0691424327a738"}
,"C:\\Code\\nodejs\\wordefine\\startup\\db.js": {"path":"C:\\Code\\nodejs\\wordefine\\startup\\db.js","statementMap":{"0":{"start":{"line":1,"column":17},"end":{"line":1,"column":36}},"1":{"start":{"line":2,"column":15},"end":{"line":2,"column":32}},"2":{"start":{"line":3,"column":16},"end":{"line":3,"column":34}},"3":{"start":{"line":5,"column":0},"end":{"line":13,"column":1}},"4":{"start":{"line":6,"column":4},"end":{"line":12,"column":5}},"5":{"start":{"line":7,"column":8},"end":{"line":7,"column":89}},"6":{"start":{"line":8,"column":8},"end":{"line":8,"column":81}},"7":{"start":{"line":11,"column":8},"end":{"line":11,"column":17}}},"fnMap":{"0":{"name":"(anonymous_0)","decl":{"start":{"line":5,"column":17},"end":{"line":5,"column":18}},"loc":{"start":{"line":5,"column":33},"end":{"line":13,"column":1}},"line":5}},"branchMap":{},"s":{"0":5,"1":5,"2":5,"3":5,"4":5,"5":5,"6":5,"7":0},"f":{"0":5},"b":{},"_coverageSchema":"43e27e138ebf9cfc5966b082cf9a028302ed4184","hash":"1f9fb63435b80ba9fdf9f27b3188e05a4eaec0e1"}
,"C:\\Code\\nodejs\\wordefine\\startup\\logging.js": {"path":"C:\\Code\\nodejs\\wordefine\\startup\\logging.js","statementMap":{"0":{"start":{"line":1,"column":16},"end":{"line":1,"column":34}},"1":{"start":{"line":2,"column":0},"end":{"line":19,"column":1}},"2":{"start":{"line":4,"column":4},"end":{"line":6,"column":6}},"3":{"start":{"line":8,"column":4},"end":{"line":12,"column":9}},"4":{"start":{"line":15,"column":4},"end":{"line":17,"column":7}},"5":{"start":{"line":16,"column":8},"end":{"line":16,"column":17}}},"fnMap":{"0":{"name":"(anonymous_0)","decl":{"start":{"line":2,"column":17},"end":{"line":2,"column":18}},"loc":{"start":{"line":2,"column":27},"end":{"line":19,"column":1}},"line":2},"1":{"name":"(anonymous_1)","decl":{"start":{"line":15,"column":37},"end":{"line":15,"column":38}},"loc":{"start":{"line":15,"column":43},"end":{"line":17,"column":5}},"line":15}},"branchMap":{},"s":{"0":5,"1":5,"2":5,"3":5,"4":5,"5":0},"f":{"0":5,"1":0},"b":{},"_coverageSchema":"43e27e138ebf9cfc5966b082cf9a028302ed4184","hash":"a404b9264cd3eeda4110dd99c6bee94895b826e1"}
,"C:\\Code\\nodejs\\wordefine\\startup\\routes.js": {"path":"C:\\Code\\nodejs\\wordefine\\startup\\routes.js","statementMap":{"0":{"start":{"line":1,"column":16},"end":{"line":1,"column":34}},"1":{"start":{"line":2,"column":14},"end":{"line":2,"column":40}},"2":{"start":{"line":3,"column":13},"end":{"line":3,"column":38}},"3":{"start":{"line":4,"column":18},"end":{"line":4,"column":48}},"4":{"start":{"line":5,"column":14},"end":{"line":5,"column":40}},"5":{"start":{"line":6,"column":26},"end":{"line":6,"column":64}},"6":{"start":{"line":7,"column":14},"end":{"line":7,"column":45}},"7":{"start":{"line":8,"column":17},"end":{"line":8,"column":39}},"8":{"start":{"line":10,"column":0},"end":{"line":20,"column":1}},"9":{"start":{"line":11,"column":4},"end":{"line":11,"column":28}},"10":{"start":{"line":12,"column":4},"end":{"line":12,"column":51}},"11":{"start":{"line":14,"column":4},"end":{"line":14,"column":31}},"12":{"start":{"line":15,"column":4},"end":{"line":15,"column":33}},"13":{"start":{"line":16,"column":4},"end":{"line":16,"column":41}},"14":{"start":{"line":17,"column":4},"end":{"line":17,"column":33}},"15":{"start":{"line":18,"column":4},"end":{"line":18,"column":57}},"16":{"start":{"line":19,"column":4},"end":{"line":19,"column":19}}},"fnMap":{"0":{"name":"(anonymous_0)","decl":{"start":{"line":10,"column":17},"end":{"line":10,"column":18}},"loc":{"start":{"line":10,"column":30},"end":{"line":20,"column":1}},"line":10}},"branchMap":{},"s":{"0":5,"1":5,"2":5,"3":5,"4":5,"5":5,"6":5,"7":5,"8":5,"9":5,"10":5,"11":5,"12":5,"13":5,"14":5,"15":5,"16":5},"f":{"0":5},"b":{},"_coverageSchema":"43e27e138ebf9cfc5966b082cf9a028302ed4184","hash":"9505a2a59bcdd282fedb8d9b5baccf1353a5661c"}
}
