TN:
SF:C:\Code\nodejs\wordefine\app.js
FN:13,(anonymous_0)
FNF:1
FNH:1
FNDA:5,(anonymous_0)
DA:1,5
DA:2,5
DA:3,5
DA:4,5
DA:7,5
DA:8,5
DA:9,5
DA:12,5
DA:13,5
DA:14,5
DA:16,5
LF:11
LH:11
BRDA:12,0,0,5
BRDA:12,0,1,5
BRF:2
BRH:2
end_of_record
TN:
SF:C:\Code\nodejs\wordefine\middlewares\accessToSeenWord.js
FN:9,(anonymous_0)
FNF:1
FNH:1
FNDA:7,(anonymous_0)
DA:1,5
DA:2,5
DA:3,5
DA:4,5
DA:6,5
DA:9,5
DA:11,7
DA:12,7
DA:14,7
DA:15,7
DA:16,7
DA:19,7
DA:22,6
DA:23,6
DA:24,4
DA:25,0
DA:28,4
DA:29,0
DA:30,4
DA:33,1
LF:20
LH:18
BRDA:12,0,0,0
BRDA:12,0,1,7
BRDA:19,1,0,1
BRDA:19,1,1,6
BRDA:23,2,0,2
BRDA:23,2,1,4
BRDA:24,3,0,0
BRDA:24,3,1,4
BRDA:24,4,0,4
BRDA:24,4,1,0
BRDA:28,5,0,0
BRDA:28,5,1,4
BRDA:28,6,0,4
BRDA:28,6,1,0
BRF:14
BRH:9
end_of_record
TN:
SF:C:\Code\nodejs\wordefine\middlewares\auth.js
FN:4,(anonymous_0)
FNF:1
FNH:1
FNDA:45,(anonymous_0)
DA:1,6
DA:2,6
DA:4,6
DA:6,45
DA:7,45
DA:9,45
DA:10,45
DA:11,45
DA:12,45
DA:15,0
LF:10
LH:9
BRDA:7,0,0,0
BRDA:7,0,1,45
BRF:2
BRH:1
end_of_record
TN:
SF:C:\Code\nodejs\wordefine\middlewares\error.js
FN:3,(anonymous_0)
FNF:1
FNH:0
FNDA:0,(anonymous_0)
DA:1,5
DA:3,5
DA:4,0
DA:13,0
DA:14,0
LF:5
LH:2
BRF:0
BRH:0
end_of_record
TN:
SF:C:\Code\nodejs\wordefine\middlewares\validateObjectId.js
FN:3,(anonymous_0)
FNF:1
FNH:1
FNDA:16,(anonymous_0)
DA:1,5
DA:3,5
DA:5,16
DA:6,0
DA:8,16
LF:5
LH:4
BRDA:5,0,0,0
BRDA:5,0,1,16
BRF:2
BRH:1
end_of_record
TN:
SF:C:\Code\nodejs\wordefine\models\favoriteWordList.js
FN:25,validateFavoriteWordList
FNF:1
FNH:1
FNDA:6,validateFavoriteWordList
DA:1,6
DA:2,6
DA:3,6
DA:5,6
DA:22,6
DA:26,6
DA:29,6
DA:32,6
DA:33,6
LF:9
LH:9
BRF:0
BRH:0
end_of_record
TN:
SF:C:\Code\nodejs\wordefine\models\user.js
FN:37,(anonymous_0)
FN:49,(anonymous_1)
FN:54,(anonymous_2)
FN:60,validateUser
FNF:4
FNH:4
FNDA:13,(anonymous_0)
FNDA:2,(anonymous_1)
FNDA:2,(anonymous_2)
FNDA:9,validateUser
DA:1,7
DA:2,7
DA:3,7
DA:4,7
DA:5,7
DA:8,7
DA:37,7
DA:38,13
DA:46,13
DA:49,7
DA:50,2
DA:51,2
DA:54,7
DA:55,2
DA:58,7
DA:61,9
DA:66,9
DA:69,7
DA:70,7
LF:19
LH:19
BRF:0
BRH:0
end_of_record
TN:
SF:C:\Code\nodejs\wordefine\models\word.js
FN:55,validateWord
FNF:1
FNH:1
FNDA:13,validateWord
DA:1,6
DA:2,6
DA:3,6
DA:5,6
DA:15,6
DA:53,6
DA:56,13
DA:64,13
DA:67,6
DA:68,6
DA:69,6
LF:11
LH:11
BRF:0
BRH:0
end_of_record
TN:
SF:C:\Code\nodejs\wordefine\models\wordList.js
FN:51,(anonymous_0)
FN:56,(anonymous_1)
FN:60,(anonymous_2)
FN:73,validateWordList
FNF:4
FNH:4
FNDA:24,(anonymous_0)
FNDA:3,(anonymous_1)
FNDA:10,(anonymous_2)
FNDA:11,validateWordList
DA:1,6
DA:2,6
DA:3,6
DA:4,6
DA:5,6
DA:6,6
DA:9,6
DA:10,6
DA:11,6
DA:13,6
DA:51,6
DA:52,24
DA:53,24
DA:56,6
DA:57,3
DA:60,6
DA:61,10
DA:68,10
DA:71,6
DA:74,11
DA:84,11
DA:87,6
DA:92,6
DA:93,6
LF:24
LH:24
BRF:0
BRH:0
end_of_record
TN:
SF:C:\Code\nodejs\wordefine\routes\auth.js
FN:7,(anonymous_0)
FN:25,validate
FNF:2
FNH:2
FNDA:3,(anonymous_0)
FNDA:3,validate
DA:1,5
DA:2,5
DA:3,5
DA:4,5
DA:5,5
DA:7,5
DA:9,3
DA:10,3
DA:13,3
DA:14,3
DA:17,2
DA:18,2
DA:21,1
DA:22,1
DA:27,3
DA:32,3
DA:35,5
LF:17
LH:17
BRDA:10,0,0,0
BRDA:10,0,1,3
BRDA:14,1,0,1
BRDA:14,1,1,2
BRDA:18,2,0,1
BRDA:18,2,1,1
BRF:6
BRH:5
end_of_record
TN:
SF:C:\Code\nodejs\wordefine\routes\favoriteWordLists.js
FN:14,validateQueryString
FN:22,createPreviousLink
FN:28,createNextLink
FN:34,(anonymous_3)
FN:62,(anonymous_4)
FN:71,(anonymous_5)
FN:97,(anonymous_6)
FN:105,(anonymous_7)
FNF:8
FNH:8
FNDA:3,validateQueryString
FNDA:3,createPreviousLink
FNDA:3,createNextLink
FNDA:3,(anonymous_3)
FNDA:1,(anonymous_4)
FNDA:3,(anonymous_5)
FNDA:1,(anonymous_6)
FNDA:2,(anonymous_7)
DA:1,5
DA:2,5
DA:3,5
DA:4,5
DA:5,5
DA:6,5
DA:7,5
DA:8,5
DA:9,5
DA:11,5
DA:12,5
DA:15,3
DA:19,3
DA:23,3
DA:29,3
DA:34,5
DA:36,3
DA:37,3
DA:39,3
DA:40,3
DA:41,3
DA:44,3
DA:51,3
DA:55,3
DA:62,5
DA:63,1
DA:64,1
DA:68,1
DA:71,5
DA:73,3
DA:74,3
DA:77,3
DA:78,3
DA:81,2
DA:85,2
DA:88,1
DA:92,1
DA:94,1
DA:97,5
DA:98,1
DA:102,1
DA:105,5
DA:106,2
DA:110,2
DA:114,1
DA:117,5
LF:46
LH:46
BRDA:23,0,0,1
BRDA:23,0,1,2
BRDA:23,1,0,3
BRDA:23,1,1,1
BRDA:29,2,0,1
BRDA:29,2,1,2
BRDA:37,3,0,0
BRDA:37,3,1,3
BRDA:39,4,0,3
BRDA:39,4,1,1
BRDA:40,5,0,3
BRDA:40,5,1,2
BRDA:64,6,0,0
BRDA:64,6,1,1
BRDA:74,7,0,0
BRDA:74,7,1,3
BRDA:78,8,0,1
BRDA:78,8,1,2
BRDA:85,9,0,1
BRDA:85,9,1,1
BRDA:110,10,0,1
BRDA:110,10,1,1
BRF:22
BRH:19
end_of_record
TN:
SF:C:\Code\nodejs\wordefine\routes\users.js
FN:8,(anonymous_0)
FN:29,(anonymous_1)
FNF:2
FNH:2
FNDA:2,(anonymous_0)
FNDA:2,(anonymous_1)
DA:1,5
DA:2,5
DA:3,5
DA:4,5
DA:5,5
DA:6,5
DA:8,5
DA:10,2
DA:11,2
DA:14,2
DA:15,2
DA:18,1
DA:19,1
DA:20,1
DA:23,1
DA:24,1
DA:29,5
DA:31,2
DA:32,2
DA:34,1
DA:37,5
LF:21
LH:21
BRDA:11,0,0,0
BRDA:11,0,1,2
BRDA:15,1,0,1
BRDA:15,1,1,1
BRDA:32,2,0,1
BRDA:32,2,1,1
BRF:6
BRH:5
end_of_record
TN:
SF:C:\Code\nodejs\wordefine\routes\wordLists.js
FN:19,haveAccessToGetToken
FN:32,validatePassword
FN:39,validateQueryString
FN:48,deleteManyWordFromManyWordList
FN:59,deleteManyFavoriteWordListFromManyWordList
FN:70,deleteManyWordFromOneWordList
FN:81,deleteManyFavoriteWordListFromOneWordList
FN:92,updateWordList
FN:107,createPreviousLink
FN:113,createNextLink
FN:119,(anonymous_10)
FN:152,(anonymous_11)
FN:168,(anonymous_12)
FN:174,(anonymous_13)
FN:189,(anonymous_14)
FN:200,(anonymous_15)
FN:219,(anonymous_16)
FN:235,(anonymous_17)
FNF:18
FNH:18
FNDA:3,haveAccessToGetToken
FNDA:1,validatePassword
FNDA:5,validateQueryString
FNDA:2,deleteManyWordFromManyWordList
FNDA:2,deleteManyFavoriteWordListFromManyWordList
FNDA:2,deleteManyWordFromOneWordList
FNDA:2,deleteManyFavoriteWordListFromOneWordList
FNDA:1,updateWordList
FNDA:5,createPreviousLink
FNDA:5,createNextLink
FNDA:5,(anonymous_10)
FNDA:2,(anonymous_11)
FNDA:2,(anonymous_12)
FNDA:3,(anonymous_13)
FNDA:1,(anonymous_14)
FNDA:1,(anonymous_15)
FNDA:2,(anonymous_16)
FNDA:3,(anonymous_17)
DA:1,5
DA:2,5
DA:3,5
DA:4,5
DA:5,5
DA:6,5
DA:7,5
DA:8,5
DA:9,5
DA:10,5
DA:11,5
DA:12,5
DA:13,5
DA:16,5
DA:17,5
DA:20,3
DA:21,3
DA:22,2
DA:23,1
DA:25,1
DA:26,1
DA:27,1
DA:29,3
DA:33,1
DA:36,1
DA:40,5
DA:45,5
DA:49,2
DA:50,2
DA:55,0
DA:60,2
DA:61,2
DA:66,0
DA:71,2
DA:72,2
DA:77,0
DA:82,2
DA:83,2
DA:88,0
DA:93,1
DA:94,1
DA:95,1
DA:96,1
DA:97,1
DA:98,1
DA:99,1
DA:100,1
DA:101,1
DA:104,1
DA:108,5
DA:114,5
DA:119,5
DA:121,5
DA:122,5
DA:124,5
DA:125,5
DA:126,5
DA:127,4
DA:128,4
DA:131,5
DA:132,5
DA:133,5
DA:136,5
DA:142,5
DA:145,5
DA:152,5
DA:154,2
DA:155,2
DA:158,2
DA:159,2
DA:160,2
DA:161,2
DA:162,2
DA:165,2
DA:168,5
DA:170,2
DA:174,3
DA:176,2
DA:177,2
DA:178,2
DA:180,2
DA:186,2
DA:189,5
DA:191,1
DA:194,1
DA:197,1
DA:200,5
DA:202,1
DA:203,1
DA:206,1
DA:210,1
DA:213,1
DA:216,1
DA:219,5
DA:221,2
DA:225,2
DA:228,2
DA:230,2
DA:232,2
DA:235,5
DA:237,3
DA:238,3
DA:240,3
DA:241,3
DA:246,3
DA:249,3
DA:250,3
DA:253,5
LF:108
LH:104
BRDA:21,0,0,1
BRDA:21,0,1,2
BRDA:22,1,0,1
BRDA:22,1,1,1
BRDA:23,2,0,1
BRDA:23,2,1,0
BRDA:26,3,0,0
BRDA:26,3,1,1
BRDA:94,4,0,1
BRDA:94,4,1,0
BRDA:95,5,0,1
BRDA:95,5,1,0
BRDA:96,6,0,1
BRDA:96,6,1,0
BRDA:98,7,0,1
BRDA:98,7,1,0
BRDA:108,8,0,1
BRDA:108,8,1,4
BRDA:108,9,0,5
BRDA:108,9,1,1
BRDA:114,10,0,1
BRDA:114,10,1,4
BRDA:122,11,0,0
BRDA:122,11,1,5
BRDA:126,12,0,4
BRDA:126,12,1,1
BRDA:131,13,0,5
BRDA:131,13,1,3
BRDA:132,14,0,5
BRDA:132,14,1,4
BRDA:155,15,0,0
BRDA:155,15,1,2
BRDA:161,16,0,1
BRDA:161,16,1,1
BRDA:176,17,0,2
BRDA:176,17,1,0
BRDA:194,18,0,0
BRDA:194,18,1,1
BRDA:203,19,0,0
BRDA:203,19,1,1
BRDA:210,20,0,0
BRDA:210,20,1,1
BRDA:225,21,0,0
BRDA:225,21,1,2
BRDA:238,22,0,0
BRDA:238,22,1,3
BRDA:241,23,0,0
BRDA:241,23,1,3
BRF:48
BRH:33
end_of_record
TN:
SF:C:\Code\nodejs\wordefine\routes\words.js
FN:17,validateQueryString
FN:25,accessToAddWord
FN:37,accessToModifyWord
FN:43,updateWord
FN:54,validatePassword
FN:59,createPreviousLink
FN:65,createNextLink
FN:71,(anonymous_7)
FN:100,(anonymous_8)
FN:128,(anonymous_9)
FN:139,(anonymous_10)
FN:174,(anonymous_11)
FNF:12
FNH:12
FNDA:3,validateQueryString
FNDA:5,accessToAddWord
FNDA:4,accessToModifyWord
FNDA:2,updateWord
FNDA:2,validatePassword
FNDA:3,createPreviousLink
FNDA:3,createNextLink
FNDA:3,(anonymous_7)
FNDA:5,(anonymous_8)
FNDA:1,(anonymous_9)
FNDA:2,(anonymous_10)
FNDA:2,(anonymous_11)
DA:1,5
DA:2,5
DA:3,5
DA:4,5
DA:5,5
DA:6,5
DA:7,5
DA:8,5
DA:9,5
DA:10,5
DA:11,5
DA:12,5
DA:14,5
DA:15,5
DA:18,3
DA:22,3
DA:26,5
DA:27,3
DA:28,2
DA:30,2
DA:31,2
DA:32,1
DA:34,0
DA:38,4
DA:39,2
DA:40,0
DA:44,2
DA:45,2
DA:46,0
DA:47,2
DA:48,0
DA:49,2
DA:50,1
DA:51,2
DA:55,2
DA:56,2
DA:60,3
DA:66,3
DA:71,5
DA:73,3
DA:74,3
DA:76,3
DA:77,3
DA:78,3
DA:81,3
DA:89,3
DA:93,3
DA:100,5
DA:102,5
DA:103,5
DA:106,5
DA:107,5
DA:110,5
DA:111,5
DA:116,4
DA:117,4
DA:118,4
DA:119,4
DA:122,4
DA:128,5
DA:130,1
DA:131,1
DA:133,1
DA:139,5
DA:141,2
DA:142,2
DA:145,2
DA:148,2
DA:151,2
DA:152,2
DA:154,2
DA:160,2
DA:161,2
DA:166,2
DA:168,2
DA:174,5
DA:176,2
DA:179,2
DA:182,2
DA:183,2
DA:187,2
DA:188,2
DA:190,2
DA:192,2
DA:198,5
LF:85
LH:81
BRDA:26,0,0,2
BRDA:26,0,1,3
BRDA:27,1,0,1
BRDA:27,1,1,2
BRDA:28,2,0,2
BRDA:28,2,1,0
BRDA:31,3,0,1
BRDA:31,3,1,1
BRDA:38,4,0,2
BRDA:38,4,1,2
BRDA:39,5,0,2
BRDA:39,5,1,0
BRDA:45,6,0,0
BRDA:45,6,1,2
BRDA:47,7,0,0
BRDA:47,7,1,2
BRDA:49,8,0,1
BRDA:49,8,1,1
BRDA:60,9,0,1
BRDA:60,9,1,2
BRDA:60,10,0,3
BRDA:60,10,1,1
BRDA:66,11,0,1
BRDA:66,11,1,2
BRDA:74,12,0,0
BRDA:74,12,1,3
BRDA:76,13,0,3
BRDA:76,13,1,1
BRDA:77,14,0,3
BRDA:77,14,1,2
BRDA:103,15,0,0
BRDA:103,15,1,5
BRDA:107,16,0,0
BRDA:107,16,1,5
BRDA:111,17,0,1
BRDA:111,17,1,4
BRDA:131,18,0,0
BRDA:131,18,1,1
BRDA:142,19,0,0
BRDA:142,19,1,2
BRDA:148,20,0,0
BRDA:148,20,1,2
BRDA:152,21,0,0
BRDA:152,21,1,2
BRDA:154,22,0,0
BRDA:154,22,1,2
BRDA:161,23,0,0
BRDA:161,23,1,2
BRDA:179,24,0,0
BRDA:179,24,1,2
BRDA:183,25,0,0
BRDA:183,25,1,2
BRDA:188,26,0,0
BRDA:188,26,1,2
BRF:54
BRH:38
end_of_record
TN:
SF:C:\Code\nodejs\wordefine\startup\db.js
FN:5,(anonymous_0)
FNF:1
FNH:1
FNDA:5,(anonymous_0)
DA:1,5
DA:2,5
DA:3,5
DA:5,5
DA:6,5
DA:7,5
DA:8,5
DA:11,0
LF:8
LH:7
BRF:0
BRH:0
end_of_record
TN:
SF:C:\Code\nodejs\wordefine\startup\logging.js
FN:2,(anonymous_0)
FN:15,(anonymous_1)
FNF:2
FNH:1
FNDA:5,(anonymous_0)
FNDA:0,(anonymous_1)
DA:1,5
DA:2,5
DA:4,5
DA:8,5
DA:15,5
DA:16,0
LF:6
LH:5
BRF:0
BRH:0
end_of_record
TN:
SF:C:\Code\nodejs\wordefine\startup\routes.js
FN:10,(anonymous_0)
FNF:1
FNH:1
FNDA:5,(anonymous_0)
DA:1,5
DA:2,5
DA:3,5
DA:4,5
DA:5,5
DA:6,5
DA:7,5
DA:8,5
DA:10,5
DA:11,5
DA:12,5
DA:14,5
DA:15,5
DA:16,5
DA:17,5
DA:18,5
DA:19,5
LF:17
LH:17
BRF:0
BRH:0
end_of_record
